Attack:[nott(pr7(AE, PR, AE, null, 1)), r(AE, PR, null, 1), ec(AE, PR, null, 1), f(0, 1), pr7(AE, PR, AE, null, 1), f(2), self1]
Attack:[nott(pr7(AE, PR, AE, null, 1)), r(AE, PR, null, 1), ec(AE, PR, null, 1), f(0, 1), pr7(AE, PR, AE, null, 1), f(2), self1]
Attack:[nott(pr7(AE, PR, AE, null, 1)), r(AE, PR, null, 1), ec(AE, PR, null, 1), f(0, 1), pr7(AE, PR, AE, null, 1), f(2), self1]
Attack:[nott(pr7(AE, PR, AE, null, 1)), r(AE, PR, null, 1), ec(AE, PR, null, 1), f(0, 1), pr7(AE, PR, AE, null, 1), f(2), self1]
Attack:[nott(pr7(AE, PR, AE, null, 1)), r(AE, PR, null, 1), ec(AE, PR, null, 1), f(0, 1), pr7(AE, PR, AE, null, 1), f(2), self1]
Attack:[nott(pr7(AE, PR, AE, null, 1)), r(AE, PR, null, 1), ec(AE, PR, null, 1), f(0, 1), pr7(AE, PR, AE, null, 1), f(2), self1]
Attack:[nott(pr7(AE, PR, PI, null, 1)), r(AE, PR, null, 1), ec(AE, PR, null, 1), f(0, 1), pr7(AE, PR, PI, null, 1), f(2), self1]
Attack:[nott(pr7(AE, PR, PI, null, 1)), r(AE, PR, null, 1), ec(AE, PR, null, 1), f(0, 1), pr7(AE, PR, PI, null, 1), f(2), self1]
Attack:[nott(pr7(AE, PR, PI, null, 1)), r(AE, PR, null, 1), ec(AE, PR, null, 1), f(0, 1), pr7(AE, PR, PI, null, 1), f(2), self1]
Attack:[nott(pr7(AE, PR, PI, null, 1)), r(AE, PR, null, 1), ec(AE, PR, null, 1), f(0, 1), pr7(AE, PR, PI, null, 1), f(2), self1]
Attack:[nott(pr7(AE, PR, PI, null, 1)), r(AE, PR, null, 1), ec(AE, PR, null, 1), f(0, 1), pr7(AE, PR, PI, null, 1), f(2), self1]
Attack:[nott(pr7(AE, PR, AO, null, 1)), r(AE, PR, null, 1), ec(AE, PR, null, 1), f(0, 1), pr7(AE, PR, AO, null, 1), f(2), self1]
Attack:[nott(pr7(AE, PR, AO, null, 1)), r(AE, PR, null, 1), ec(AE, PR, null, 1), f(0, 1), pr7(AE, PR, AO, null, 1), f(2), self1]
Attack:[nott(pr7(AE, PR, AO, null, 1)), r(AE, PR, null, 1), ec(AE, PR, null, 1), f(0, 1), pr7(AE, PR, AO, null, 1), f(2), self1]
==========
Solution:
==========

ec(AE, PR, null, 1)

f(0, 1)

r(AE, PR, null, 1)
1 ?- 