Attack:[nott(pr2(AE, PI, AE, reduce(survival), 1)), r(AE, PI, reduce(survival), 1), ec(AE, PI, reduce(survival), 1), f(0, 1), pr2(AE, PI, AE, reduce(survival), 1), f(4, 2), f(3, 2, survival), f(0, 2, urgent(survival)), self1]
Defence:[nott(hopr1(AE, AE, PI, do(avoid))), pr1(AE, AE, PI, do(avoid), 1), f(0, 3, urgent2(avoid)), hopr1(AE, AE, PI, do(avoid)), f(5, 1), self2, self1]
Attack:[nott(pr6(AE, PI, AE, reduce(survival), 1)), r(AE, PI, reduce(survival), 1), ec(AE, PI, reduce(survival), 1), f(0, 1), pr6(AE, PI, AE, reduce(survival), 1), f(3, 2, survival), self2]
Defence:[nott(hopr2(AE, AE, PI, do(avoid))), pr1(AE, AE, PI, do(avoid), 1), f(0, 3, urgent2(avoid)), hopr2(AE, AE, PI, do(avoid)), f(5, 1), self2, self1]
Attack:[nott(pr6(AE, PI, AE, reduce(graduate), 1)), r(AE, PI, reduce(graduate), 1), ec(AE, PI, reduce(graduate), 1), f(0, 1), pr6(AE, PI, AE, reduce(graduate), 1), f(3, 2, graduate), self2]
Defence:[nott(hopr2(AE, AE, PI, do(avoid))), pr1(AE, AE, PI, do(avoid), 1), f(0, 3, urgent2(avoid)), hopr2(AE, AE, PI, do(avoid)), f(5, 1), self2, self1]
Attack:[nott(pr6(AE, PI, AE, reduce(community_service), 1)), r(AE, PI, reduce(community_service), 1), ec(AE, PI, reduce(community_service), 1), f(0, 1), pr6(AE, PI, AE, reduce(community_service), 1), f(3, 2, community_service), self2]
Defence:[nott(hopr2(AE, AE, PI, do(avoid))), pr1(AE, AE, PI, do(avoid), 1), f(0, 3, urgent2(avoid)), hopr2(AE, AE, PI, do(avoid)), f(5, 1), self2, self1]
Attack:[nott(pr1(AE, AE, AE, do(avoid), 1)), r(AE, AE, do(avoid), 1), ec(AE, AE, do(avoid), 1), f(0, 1), pr1(AE, AE, AE, do(avoid), 1), f(5, 1), f(0, 3, urgent2(avoid)), self1]
Defence:[nott(hopr2(AE, AE, PI, do(avoid))), pr1(AE, AE, PI, do(avoid), 1), f(0, 3, urgent2(avoid)), hopr2(AE, AE, PI, do(avoid)), f(5, 1), self2, self1]
Attack:[nott(pr1(AE, AE, AE, do(avoid), 1)), r(AE, AE, do(avoid), 1), ec(AE, AE, do(avoid), 1), f(0, 1), pr1(AE, AE, AE, do(avoid), 1), f(5, 1), f(0, 3, urgent2(avoid)), self1]
Defence:[nott(hopr2(AE, AE, PI, do(avoid))), pr1(AE, AE, PI, do(avoid), 1), f(0, 3, urgent2(avoid)), hopr2(AE, AE, PI, do(avoid)), f(5, 1), self2, self1]
Attack:[nott(pr6(AE, PI, AE, reduce(community_service), 1)), r(AE, PI, reduce(community_service), 1), ec(AE, PI, reduce(community_service), 1), f(0, 1), pr6(AE, PI, AE, reduce(community_service), 1), f(3, 2, community_service), self2]
Defence:[nott(hopr2(AE, AE, PI, do(avoid))), pr1(AE, AE, PI, do(avoid), 1), f(0, 3, urgent2(avoid)), hopr2(AE, AE, PI, do(avoid)), f(5, 1), self2, self1]
Attack:[nott(pr1(AE, AE, AE, do(avoid), 1)), r(AE, AE, do(avoid), 1), ec(AE, AE, do(avoid), 1), f(0, 1), pr1(AE, AE, AE, do(avoid), 1), f(5, 1), f(0, 3, urgent2(avoid)), self1]
Defence:[nott(hopr2(AE, AE, PI, do(avoid))), pr1(AE, AE, PI, do(avoid), 1), f(0, 3, urgent2(avoid)), hopr2(AE, AE, PI, do(avoid)), f(5, 1), self2, self1]
Attack:[nott(pr1(AE, AE, AE, do(avoid), 1)), r(AE, AE, do(avoid), 1), ec(AE, AE, do(avoid), 1), f(0, 1), pr1(AE, AE, AE, do(avoid), 1), f(5, 1), f(0, 3, urgent2(avoid)), self1]
Defence:[nott(hopr2(AE, AE, PI, do(avoid))), pr1(AE, AE, PI, do(avoid), 1), f(0, 3, urgent2(avoid)), hopr2(AE, AE, PI, do(avoid)), f(5, 1), self2, self1]
Attack:[nott(pr6(AE, PI, AE, reduce(graduate), 1)), r(AE, PI, reduce(graduate), 1), ec(AE, PI, reduce(graduate), 1), f(0, 1), pr6(AE, PI, AE, reduce(graduate), 1), f(3, 2, graduate), self2]
Defence:[nott(hopr2(AE, AE, PI, do(avoid))), pr1(AE, AE, PI, do(avoid), 1), f(0, 3, urgent2(avoid)), hopr2(AE, AE, PI, do(avoid)), f(5, 1), self2, self1]
Attack:[nott(pr6(AE, PI, AE, reduce(community_service), 1)), r(AE, PI, reduce(community_service), 1), ec(AE, PI, reduce(community_service), 1), f(0, 1), pr6(AE, PI, AE, reduce(community_service), 1), f(3, 2, community_service), self2]
Defence:[nott(hopr2(AE, AE, PI, do(avoid))), pr1(AE, AE, PI, do(avoid), 1), f(0, 3, urgent2(avoid)), hopr2(AE, AE, PI, do(avoid)), f(5, 1), self2, self1]
Attack:[nott(pr1(AE, AE, AE, do(avoid), 1)), r(AE, AE, do(avoid), 1), ec(AE, AE, do(avoid), 1), f(0, 1), pr1(AE, AE, AE, do(avoid), 1), f(5, 1), f(0, 3, urgent2(avoid)), self1]
Defence:[nott(hopr2(AE, AE, PI, do(avoid))), pr1(AE, AE, PI, do(avoid), 1), f(0, 3, urgent2(avoid)), hopr2(AE, AE, PI, do(avoid)), f(5, 1), self2, self1]
Attack:[nott(pr1(AE, AE, AE, do(avoid), 1)), r(AE, AE, do(avoid), 1), ec(AE, AE, do(avoid), 1), f(0, 1), pr1(AE, AE, AE, do(avoid), 1), f(5, 1), f(0, 3, urgent2(avoid)), self1]
Defence:[nott(hopr2(AE, AE, PI, do(avoid))), pr1(AE, AE, PI, do(avoid), 1), f(0, 3, urgent2(avoid)), hopr2(AE, AE, PI, do(avoid)), f(5, 1), self2, self1]
Attack:[nott(pr6(AE, PI, AE, reduce(community_service), 1)), r(AE, PI, reduce(community_service), 1), ec(AE, PI, reduce(community_service), 1), f(0, 1), pr6(AE, PI, AE, reduce(community_service), 1), f(3, 2, community_service), self2]
Defence:[nott(hopr2(AE, AE, PI, do(avoid))), pr1(AE, AE, PI, do(avoid), 1), f(0, 3, urgent2(avoid)), hopr2(AE, AE, PI, do(avoid)), f(5, 1), self2, self1]
Attack:[nott(pr1(AE, AE, AE, do(avoid), 1)), r(AE, AE, do(avoid), 1), ec(AE, AE, do(avoid), 1), f(0, 1), pr1(AE, AE, AE, do(avoid), 1), f(5, 1), f(0, 3, urgent2(avoid)), self1]
Defence:[nott(hopr2(AE, AE, PI, do(avoid))), pr1(AE, AE, PI, do(avoid), 1), f(0, 3, urgent2(avoid)), hopr2(AE, AE, PI, do(avoid)), f(5, 1), self2, self1]
Attack:[nott(pr1(AE, AE, AE, do(avoid), 1)), r(AE, AE, do(avoid), 1), ec(AE, AE, do(avoid), 1), f(0, 1), pr1(AE, AE, AE, do(avoid), 1), f(5, 1), f(0, 3, urgent2(avoid)), self1]
Defence:[nott(hopr1(AE, AE, PI, do(avoid))), pr1(AE, AE, PI, do(avoid), 1), f(0, 3, urgent2(avoid)), hopr1(AE, AE, PI, do(avoid)), f(5, 1), self2, self1]
Attack:[nott(pr6(AE, PI, AE, reduce(survival), 1)), r(AE, PI, reduce(survival), 1), ec(AE, PI, reduce(survival), 1), f(0, 1), pr6(AE, PI, AE, reduce(survival), 1), f(3, 2, survival), self2]
Defence:[nott(hopr2(AE, AE, PI, do(avoid))), pr1(AE, AE, PI, do(avoid), 1), f(0, 3, urgent2(avoid)), hopr2(AE, AE, PI, do(avoid)), f(5, 1), self2, self1]
Attack:[nott(pr6(AE, PI, AE, reduce(graduate), 1)), r(AE, PI, reduce(graduate), 1), ec(AE, PI, reduce(graduate), 1), f(0, 1), pr6(AE, PI, AE, reduce(graduate), 1), f(3, 2, graduate), self2]
Defence:[nott(hopr2(AE, AE, PI, do(avoid))), pr1(AE, AE, PI, do(avoid), 1), f(0, 3, urgent2(avoid)), hopr2(AE, AE, PI, do(avoid)), f(5, 1), self2, self1]
Attack:[nott(pr6(AE, PI, AE, reduce(community_service), 1)), r(AE, PI, reduce(community_service), 1), ec(AE, PI, reduce(community_service), 1), f(0, 1), pr6(AE, PI, AE, reduce(community_service), 1), f(3, 2, community_service), self2]
Defence:[nott(hopr2(AE, AE, PI, do(avoid))), pr1(AE, AE, PI, do(avoid), 1), f(0, 3, urgent2(avoid)), hopr2(AE, AE, PI, do(avoid)), f(5, 1), self2, self1]
Attack:[nott(pr1(AE, AE, AE, do(avoid), 1)), r(AE, AE, do(avoid), 1), ec(AE, AE, do(avoid), 1), f(0, 1), pr1(AE, AE, AE, do(avoid), 1), f(5, 1), f(0, 3, urgent2(avoid)), self1]
Defence:[nott(hopr2(AE, AE, PI, do(avoid))), pr1(AE, AE, PI, do(avoid), 1), f(0, 3, urgent2(avoid)), hopr2(AE, AE, PI, do(avoid)), f(5, 1), self2, self1]
Attack:[nott(pr1(AE, AE, AE, do(avoid), 1)), r(AE, AE, do(avoid), 1), ec(AE, AE, do(avoid), 1), f(0, 1), pr1(AE, AE, AE, do(avoid), 1), f(5, 1), f(0, 3, urgent2(avoid)), self1]
Defence:[nott(hopr2(AE, AE, PI, do(avoid))), pr1(AE, AE, PI, do(avoid), 1), f(0, 3, urgent2(avoid)), hopr2(AE, AE, PI, do(avoid)), f(5, 1), self2, self1]
Attack:[nott(pr6(AE, PI, AE, reduce(community_service), 1)), r(AE, PI, reduce(community_service), 1), ec(AE, PI, reduce(community_service), 1), f(0, 1), pr6(AE, PI, AE, reduce(community_service), 1), f(3, 2, community_service), self2]
Defence:[nott(hopr2(AE, AE, PI, do(avoid))), pr1(AE, AE, PI, do(avoid), 1), f(0, 3, urgent2(avoid)), hopr2(AE, AE, PI, do(avoid)), f(5, 1), self2, self1]
Attack:[nott(pr1(AE, AE, AE, do(avoid), 1)), r(AE, AE, do(avoid), 1), ec(AE, AE, do(avoid), 1), f(0, 1), pr1(AE, AE, AE, do(avoid), 1), f(5, 1), f(0, 3, urgent2(avoid)), self1]
Defence:[nott(hopr2(AE, AE, PI, do(avoid))), pr1(AE, AE, PI, do(avoid), 1), f(0, 3, urgent2(avoid)), hopr2(AE, AE, PI, do(avoid)), f(5, 1), self2, self1]
Attack:[nott(pr1(AE, AE, AE, do(avoid), 1)), r(AE, AE, do(avoid), 1), ec(AE, AE, do(avoid), 1), f(0, 1), pr1(AE, AE, AE, do(avoid), 1), f(5, 1), f(0, 3, urgent2(avoid)), self1]
Defence:[nott(hopr2(AE, AE, PI, do(avoid))), pr1(AE, AE, PI, do(avoid), 1), f(0, 3, urgent2(avoid)), hopr2(AE, AE, PI, do(avoid)), f(5, 1), self2, self1]
Attack:[nott(pr6(AE, PI, AE, reduce(graduate), 1)), r(AE, PI, reduce(graduate), 1), ec(AE, PI, reduce(graduate), 1), f(0, 1), pr6(AE, PI, AE, reduce(graduate), 1), f(3, 2, graduate), self2]
Defence:[nott(hopr2(AE, AE, PI, do(avoid))), pr1(AE, AE, PI, do(avoid), 1), f(0, 3, urgent2(avoid)), hopr2(AE, AE, PI, do(avoid)), f(5, 1), self2, self1]
Attack:[nott(pr6(AE, PI, AE, reduce(community_service), 1)), r(AE, PI, reduce(community_service), 1), ec(AE, PI, reduce(community_service), 1), f(0, 1), pr6(AE, PI, AE, reduce(community_service), 1), f(3, 2, community_service), self2]
Defence:[nott(hopr2(AE, AE, PI, do(avoid))), pr1(AE, AE, PI, do(avoid), 1), f(0, 3, urgent2(avoid)), hopr2(AE, AE, PI, do(avoid)), f(5, 1), self2, self1]
Attack:[nott(pr1(AE, AE, AE, do(avoid), 1)), r(AE, AE, do(avoid), 1), ec(AE, AE, do(avoid), 1), f(0, 1), pr1(AE, AE, AE, do(avoid), 1), f(5, 1), f(0, 3, urgent2(avoid)), self1]
Defence:[nott(hopr2(AE, AE, PI, do(avoid))), pr1(AE, AE, PI, do(avoid), 1), f(0, 3, urgent2(avoid)), hopr2(AE, AE, PI, do(avoid)), f(5, 1), self2, self1]
Attack:[nott(pr1(AE, AE, AE, do(avoid), 1)), r(AE, AE, do(avoid), 1), ec(AE, AE, do(avoid), 1), f(0, 1), pr1(AE, AE, AE, do(avoid), 1), f(5, 1), f(0, 3, urgent2(avoid)), self1]
Defence:[nott(hopr2(AE, AE, PI, do(avoid))), pr1(AE, AE, PI, do(avoid), 1), f(0, 3, urgent2(avoid)), hopr2(AE, AE, PI, do(avoid)), f(5, 1), self2, self1]
Attack:[nott(pr6(AE, PI, AE, reduce(community_service), 1)), r(AE, PI, reduce(community_service), 1), ec(AE, PI, reduce(community_service), 1), f(0, 1), pr6(AE, PI, AE, reduce(community_service), 1), f(3, 2, community_service), self2]
Defence:[nott(hopr2(AE, AE, PI, do(avoid))), pr1(AE, AE, PI, do(avoid), 1), f(0, 3, urgent2(avoid)), hopr2(AE, AE, PI, do(avoid)), f(5, 1), self2, self1]
Attack:[nott(pr1(AE, AE, AE, do(avoid), 1)), r(AE, AE, do(avoid), 1), ec(AE, AE, do(avoid), 1), f(0, 1), pr1(AE, AE, AE, do(avoid), 1), f(5, 1), f(0, 3, urgent2(avoid)), self1]
Defence:[nott(hopr2(AE, AE, PI, do(avoid))), pr1(AE, AE, PI, do(avoid), 1), f(0, 3, urgent2(avoid)), hopr2(AE, AE, PI, do(avoid)), f(5, 1), self2, self1]
Attack:[nott(pr1(AE, AE, AE, do(avoid), 1)), r(AE, AE, do(avoid), 1), ec(AE, AE, do(avoid), 1), f(0, 1), pr1(AE, AE, AE, do(avoid), 1), f(5, 1), f(0, 3, urgent2(avoid)), self1]
Attack:[nott(pr2(AE, PI, AE, reduce(survival), 1)), r(AE, PI, reduce(survival), 1), ec(AE, PI, reduce(survival), 1), f(0, 1), pr2(AE, PI, AE, reduce(survival), 1), f(4, 2), f(3, 2, survival), f(0, 2, urgent(survival)), self1]
Defence:[nott(hopr1(AE, AE, PI, do(avoid))), pr1(AE, AE, PI, do(avoid), 1), f(0, 3, urgent2(avoid)), hopr1(AE, AE, PI, do(avoid)), f(5, 1), self2, self1]
Attack:[nott(pr6(AE, PI, AE, reduce(survival), 1)), r(AE, PI, reduce(survival), 1), ec(AE, PI, reduce(survival), 1), f(0, 1), pr6(AE, PI, AE, reduce(survival), 1), f(3, 2, survival), self2]
Defence:[nott(hopr2(AE, AE, PI, do(avoid))), pr1(AE, AE, PI, do(avoid), 1), f(0, 3, urgent2(avoid)), hopr2(AE, AE, PI, do(avoid)), f(5, 1), self2, self1]
Attack:[nott(pr6(AE, PI, AE, reduce(graduate), 1)), r(AE, PI, reduce(graduate), 1), ec(AE, PI, reduce(graduate), 1), f(0, 1), pr6(AE, PI, AE, reduce(graduate), 1), f(3, 2, graduate), self2]
Defence:[nott(hopr2(AE, AE, PI, do(avoid))), pr1(AE, AE, PI, do(avoid), 1), f(0, 3, urgent2(avoid)), hopr2(AE, AE, PI, do(avoid)), f(5, 1), self2, self1]
Attack:[nott(pr6(AE, PI, AE, reduce(community_service), 1)), r(AE, PI, reduce(community_service), 1), ec(AE, PI, reduce(community_service), 1), f(0, 1), pr6(AE, PI, AE, reduce(community_service), 1), f(3, 2, community_service), self2]
Defence:[nott(hopr2(AE, AE, PI, do(avoid))), pr1(AE, AE, PI, do(avoid), 1), f(0, 3, urgent2(avoid)), hopr2(AE, AE, PI, do(avoid)), f(5, 1), self2, self1]
Attack:[nott(pr1(AE, AE, AE, do(avoid), 1)), r(AE, AE, do(avoid), 1), ec(AE, AE, do(avoid), 1), f(0, 1), pr1(AE, AE, AE, do(avoid), 1), f(5, 1), f(0, 3, urgent2(avoid)), self1]
Defence:[nott(pr5(AE, AE, PI, do(assist), 1)), r(AE, AE, do(assist), 1), ec(AE, AE, do(assist), 1), f(0, 1), pr5(AE, AE, PI, do(assist), 1), f(3, 1, assist), self2]
Attack:[nott(hopr3(AE, AE, AE, do(avoid))), pr1(AE, AE, AE, do(avoid), 1), f(0, 3, urgent2(avoid)), hopr3(AE, AE, AE, do(avoid)), f(5, 1), self2, self1]
Defence:[nott(hopr2(AE, AE, PI, do(avoid))), pr1(AE, AE, PI, do(avoid), 1), f(0, 3, urgent2(avoid)), hopr2(AE, AE, PI, do(avoid)), f(5, 1), self2, self1]
Attack:[nott(pr1(AE, AE, AE, do(avoid), 1)), r(AE, AE, do(avoid), 1), ec(AE, AE, do(avoid), 1), f(0, 1), pr1(AE, AE, AE, do(avoid), 1), f(5, 1), f(0, 3, urgent2(avoid)), self1]
Defence:[nott(pr5(AE, AE, PI, do(assist), 1)), r(AE, AE, do(assist), 1), ec(AE, AE, do(assist), 1), f(0, 1), pr5(AE, AE, PI, do(assist), 1), f(3, 1, assist), self2]
Attack:[nott(hopr3(AE, AE, AE, do(avoid))), pr1(AE, AE, AE, do(avoid), 1), f(0, 3, urgent2(avoid)), hopr3(AE, AE, AE, do(avoid)), f(5, 1), self2, self1]
Defence:[nott(hopr2(AE, AE, PI, do(avoid))), pr1(AE, AE, PI, do(avoid), 1), f(0, 3, urgent2(avoid)), hopr2(AE, AE, PI, do(avoid)), f(5, 1), self2, self1]
Attack:[nott(pr6(AE, PI, AE, reduce(community_service), 1)), r(AE, PI, reduce(community_service), 1), ec(AE, PI, reduce(community_service), 1), f(0, 1), pr6(AE, PI, AE, reduce(community_service), 1), f(3, 2, community_service), self2]
Defence:[nott(hopr2(AE, AE, PI, do(avoid))), pr1(AE, AE, PI, do(avoid), 1), f(0, 3, urgent2(avoid)), hopr2(AE, AE, PI, do(avoid)), f(5, 1), self2, self1]
Attack:[nott(pr1(AE, AE, AE, do(avoid), 1)), r(AE, AE, do(avoid), 1), ec(AE, AE, do(avoid), 1), f(0, 1), pr1(AE, AE, AE, do(avoid), 1), f(5, 1), f(0, 3, urgent2(avoid)), self1]
Defence:[nott(pr5(AE, AE, PI, do(assist), 1)), r(AE, AE, do(assist), 1), ec(AE, AE, do(assist), 1), f(0, 1), pr5(AE, AE, PI, do(assist), 1), f(3, 1, assist), self2]
Attack:[nott(hopr3(AE, AE, AE, do(avoid))), pr1(AE, AE, AE, do(avoid), 1), f(0, 3, urgent2(avoid)), hopr3(AE, AE, AE, do(avoid)), f(5, 1), self2, self1]
Defence:[nott(hopr2(AE, AE, PI, do(avoid))), pr1(AE, AE, PI, do(avoid), 1), f(0, 3, urgent2(avoid)), hopr2(AE, AE, PI, do(avoid)), f(5, 1), self2, self1]
Attack:[nott(pr1(AE, AE, AE, do(avoid), 1)), r(AE, AE, do(avoid), 1), ec(AE, AE, do(avoid), 1), f(0, 1), pr1(AE, AE, AE, do(avoid), 1), f(5, 1), f(0, 3, urgent2(avoid)), self1]
Defence:[nott(pr5(AE, AE, PI, do(assist), 1)), r(AE, AE, do(assist), 1), ec(AE, AE, do(assist), 1), f(0, 1), pr5(AE, AE, PI, do(assist), 1), f(3, 1, assist), self2]
Attack:[nott(hopr3(AE, AE, AE, do(avoid))), pr1(AE, AE, AE, do(avoid), 1), f(0, 3, urgent2(avoid)), hopr3(AE, AE, AE, do(avoid)), f(5, 1), self2, self1]
Defence:[nott(hopr2(AE, AE, PI, do(avoid))), pr1(AE, AE, PI, do(avoid), 1), f(0, 3, urgent2(avoid)), hopr2(AE, AE, PI, do(avoid)), f(5, 1), self2, self1]
Attack:[nott(pr6(AE, PI, AE, reduce(graduate), 1)), r(AE, PI, reduce(graduate), 1), ec(AE, PI, reduce(graduate), 1), f(0, 1), pr6(AE, PI, AE, reduce(graduate), 1), f(3, 2, graduate), self2]
Defence:[nott(hopr2(AE, AE, PI, do(avoid))), pr1(AE, AE, PI, do(avoid), 1), f(0, 3, urgent2(avoid)), hopr2(AE, AE, PI, do(avoid)), f(5, 1), self2, self1]
Attack:[nott(pr6(AE, PI, AE, reduce(community_service), 1)), r(AE, PI, reduce(community_service), 1), ec(AE, PI, reduce(community_service), 1), f(0, 1), pr6(AE, PI, AE, reduce(community_service), 1), f(3, 2, community_service), self2]
Defence:[nott(hopr2(AE, AE, PI, do(avoid))), pr1(AE, AE, PI, do(avoid), 1), f(0, 3, urgent2(avoid)), hopr2(AE, AE, PI, do(avoid)), f(5, 1), self2, self1]
Attack:[nott(pr1(AE, AE, AE, do(avoid), 1)), r(AE, AE, do(avoid), 1), ec(AE, AE, do(avoid), 1), f(0, 1), pr1(AE, AE, AE, do(avoid), 1), f(5, 1), f(0, 3, urgent2(avoid)), self1]
Defence:[nott(pr5(AE, AE, PI, do(assist), 1)), r(AE, AE, do(assist), 1), ec(AE, AE, do(assist), 1), f(0, 1), pr5(AE, AE, PI, do(assist), 1), f(3, 1, assist), self2]
Attack:[nott(hopr3(AE, AE, AE, do(avoid))), pr1(AE, AE, AE, do(avoid), 1), f(0, 3, urgent2(avoid)), hopr3(AE, AE, AE, do(avoid)), f(5, 1), self2, self1]
Defence:[nott(hopr2(AE, AE, PI, do(avoid))), pr1(AE, AE, PI, do(avoid), 1), f(0, 3, urgent2(avoid)), hopr2(AE, AE, PI, do(avoid)), f(5, 1), self2, self1]
Attack:[nott(pr1(AE, AE, AE, do(avoid), 1)), r(AE, AE, do(avoid), 1), ec(AE, AE, do(avoid), 1), f(0, 1), pr1(AE, AE, AE, do(avoid), 1), f(5, 1), f(0, 3, urgent2(avoid)), self1]
Defence:[nott(pr5(AE, AE, PI, do(assist), 1)), r(AE, AE, do(assist), 1), ec(AE, AE, do(assist), 1), f(0, 1), pr5(AE, AE, PI, do(assist), 1), f(3, 1, assist), self2]
Attack:[nott(hopr3(AE, AE, AE, do(avoid))), pr1(AE, AE, AE, do(avoid), 1), f(0, 3, urgent2(avoid)), hopr3(AE, AE, AE, do(avoid)), f(5, 1), self2, self1]
Defence:[nott(hopr2(AE, AE, PI, do(avoid))), pr1(AE, AE, PI, do(avoid), 1), f(0, 3, urgent2(avoid)), hopr2(AE, AE, PI, do(avoid)), f(5, 1), self2, self1]
Attack:[nott(pr6(AE, PI, AE, reduce(community_service), 1)), r(AE, PI, reduce(community_service), 1), ec(AE, PI, reduce(community_service), 1), f(0, 1), pr6(AE, PI, AE, reduce(community_service), 1), f(3, 2, community_service), self2]
Defence:[nott(hopr2(AE, AE, PI, do(avoid))), pr1(AE, AE, PI, do(avoid), 1), f(0, 3, urgent2(avoid)), hopr2(AE, AE, PI, do(avoid)), f(5, 1), self2, self1]
Attack:[nott(pr1(AE, AE, AE, do(avoid), 1)), r(AE, AE, do(avoid), 1), ec(AE, AE, do(avoid), 1), f(0, 1), pr1(AE, AE, AE, do(avoid), 1), f(5, 1), f(0, 3, urgent2(avoid)), self1]
Defence:[nott(pr5(AE, AE, PI, do(assist), 1)), r(AE, AE, do(assist), 1), ec(AE, AE, do(assist), 1), f(0, 1), pr5(AE, AE, PI, do(assist), 1), f(3, 1, assist), self2]
Attack:[nott(hopr3(AE, AE, AE, do(avoid))), pr1(AE, AE, AE, do(avoid), 1), f(0, 3, urgent2(avoid)), hopr3(AE, AE, AE, do(avoid)), f(5, 1), self2, self1]
Defence:[nott(hopr2(AE, AE, PI, do(avoid))), pr1(AE, AE, PI, do(avoid), 1), f(0, 3, urgent2(avoid)), hopr2(AE, AE, PI, do(avoid)), f(5, 1), self2, self1]
Attack:[nott(pr1(AE, AE, AE, do(avoid), 1)), r(AE, AE, do(avoid), 1), ec(AE, AE, do(avoid), 1), f(0, 1), pr1(AE, AE, AE, do(avoid), 1), f(5, 1), f(0, 3, urgent2(avoid)), self1]
Defence:[nott(pr5(AE, AE, PI, do(assist), 1)), r(AE, AE, do(assist), 1), ec(AE, AE, do(assist), 1), f(0, 1), pr5(AE, AE, PI, do(assist), 1), f(3, 1, assist), self2]
Attack:[nott(hopr3(AE, AE, AE, do(avoid))), pr1(AE, AE, AE, do(avoid), 1), f(0, 3, urgent2(avoid)), hopr3(AE, AE, AE, do(avoid)), f(5, 1), self2, self1]
Defence:[nott(hopr1(AE, AE, PI, do(avoid))), pr1(AE, AE, PI, do(avoid), 1), f(0, 3, urgent2(avoid)), hopr1(AE, AE, PI, do(avoid)), f(5, 1), self2, self1]
Attack:[nott(pr6(AE, PI, AE, reduce(survival), 1)), r(AE, PI, reduce(survival), 1), ec(AE, PI, reduce(survival), 1), f(0, 1), pr6(AE, PI, AE, reduce(survival), 1), f(3, 2, survival), self2]
Defence:[nott(hopr2(AE, AE, PI, do(avoid))), pr1(AE, AE, PI, do(avoid), 1), f(0, 3, urgent2(avoid)), hopr2(AE, AE, PI, do(avoid)), f(5, 1), self2, self1]
Attack:[nott(pr6(AE, PI, AE, reduce(graduate), 1)), r(AE, PI, reduce(graduate), 1), ec(AE, PI, reduce(graduate), 1), f(0, 1), pr6(AE, PI, AE, reduce(graduate), 1), f(3, 2, graduate), self2]
Defence:[nott(hopr2(AE, AE, PI, do(avoid))), pr1(AE, AE, PI, do(avoid), 1), f(0, 3, urgent2(avoid)), hopr2(AE, AE, PI, do(avoid)), f(5, 1), self2, self1]
Attack:[nott(pr6(AE, PI, AE, reduce(community_service), 1)), r(AE, PI, reduce(community_service), 1), ec(AE, PI, reduce(community_service), 1), f(0, 1), pr6(AE, PI, AE, reduce(community_service), 1), f(3, 2, community_service), self2]
Defence:[nott(hopr2(AE, AE, PI, do(avoid))), pr1(AE, AE, PI, do(avoid), 1), f(0, 3, urgent2(avoid)), hopr2(AE, AE, PI, do(avoid)), f(5, 1), self2, self1]
Attack:[nott(pr1(AE, AE, AE, do(avoid), 1)), r(AE, AE, do(avoid), 1), ec(AE, AE, do(avoid), 1), f(0, 1), pr1(AE, AE, AE, do(avoid), 1), f(5, 1), f(0, 3, urgent2(avoid)), self1]
Defence:[nott(pr5(AE, AE, PI, do(assist), 1)), r(AE, AE, do(assist), 1), ec(AE, AE, do(assist), 1), f(0, 1), pr5(AE, AE, PI, do(assist), 1), f(3, 1, assist), self2]
Attack:[nott(hopr3(AE, AE, AE, do(avoid))), pr1(AE, AE, AE, do(avoid), 1), f(0, 3, urgent2(avoid)), hopr3(AE, AE, AE, do(avoid)), f(5, 1), self2, self1]
Defence:[nott(hopr2(AE, AE, PI, do(avoid))), pr1(AE, AE, PI, do(avoid), 1), f(0, 3, urgent2(avoid)), hopr2(AE, AE, PI, do(avoid)), f(5, 1), self2, self1]
Attack:[nott(pr1(AE, AE, AE, do(avoid), 1)), r(AE, AE, do(avoid), 1), ec(AE, AE, do(avoid), 1), f(0, 1), pr1(AE, AE, AE, do(avoid), 1), f(5, 1), f(0, 3, urgent2(avoid)), self1]
Defence:[nott(pr5(AE, AE, PI, do(assist), 1)), r(AE, AE, do(assist), 1), ec(AE, AE, do(assist), 1), f(0, 1), pr5(AE, AE, PI, do(assist), 1), f(3, 1, assist), self2]
Attack:[nott(hopr3(AE, AE, AE, do(avoid))), pr1(AE, AE, AE, do(avoid), 1), f(0, 3, urgent2(avoid)), hopr3(AE, AE, AE, do(avoid)), f(5, 1), self2, self1]
Defence:[nott(hopr2(AE, AE, PI, do(avoid))), pr1(AE, AE, PI, do(avoid), 1), f(0, 3, urgent2(avoid)), hopr2(AE, AE, PI, do(avoid)), f(5, 1), self2, self1]
Attack:[nott(pr6(AE, PI, AE, reduce(community_service), 1)), r(AE, PI, reduce(community_service), 1), ec(AE, PI, reduce(community_service), 1), f(0, 1), pr6(AE, PI, AE, reduce(community_service), 1), f(3, 2, community_service), self2]
Defence:[nott(hopr2(AE, AE, PI, do(avoid))), pr1(AE, AE, PI, do(avoid), 1), f(0, 3, urgent2(avoid)), hopr2(AE, AE, PI, do(avoid)), f(5, 1), self2, self1]
Attack:[nott(pr1(AE, AE, AE, do(avoid), 1)), r(AE, AE, do(avoid), 1), ec(AE, AE, do(avoid), 1), f(0, 1), pr1(AE, AE, AE, do(avoid), 1), f(5, 1), f(0, 3, urgent2(avoid)), self1]
Defence:[nott(pr5(AE, AE, PI, do(assist), 1)), r(AE, AE, do(assist), 1), ec(AE, AE, do(assist), 1), f(0, 1), pr5(AE, AE, PI, do(assist), 1), f(3, 1, assist), self2]
Attack:[nott(hopr3(AE, AE, AE, do(avoid))), pr1(AE, AE, AE, do(avoid), 1), f(0, 3, urgent2(avoid)), hopr3(AE, AE, AE, do(avoid)), f(5, 1), self2, self1]
Defence:[nott(hopr2(AE, AE, PI, do(avoid))), pr1(AE, AE, PI, do(avoid), 1), f(0, 3, urgent2(avoid)), hopr2(AE, AE, PI, do(avoid)), f(5, 1), self2, self1]
Attack:[nott(pr1(AE, AE, AE, do(avoid), 1)), r(AE, AE, do(avoid), 1), ec(AE, AE, do(avoid), 1), f(0, 1), pr1(AE, AE, AE, do(avoid), 1), f(5, 1), f(0, 3, urgent2(avoid)), self1]
Defence:[nott(pr5(AE, AE, PI, do(assist), 1)), r(AE, AE, do(assist), 1), ec(AE, AE, do(assist), 1), f(0, 1), pr5(AE, AE, PI, do(assist), 1), f(3, 1, assist), self2]
Attack:[nott(hopr3(AE, AE, AE, do(avoid))), pr1(AE, AE, AE, do(avoid), 1), f(0, 3, urgent2(avoid)), hopr3(AE, AE, AE, do(avoid)), f(5, 1), self2, self1]
Defence:[nott(hopr2(AE, AE, PI, do(avoid))), pr1(AE, AE, PI, do(avoid), 1), f(0, 3, urgent2(avoid)), hopr2(AE, AE, PI, do(avoid)), f(5, 1), self2, self1]
Attack:[nott(pr6(AE, PI, AE, reduce(graduate), 1)), r(AE, PI, reduce(graduate), 1), ec(AE, PI, reduce(graduate), 1), f(0, 1), pr6(AE, PI, AE, reduce(graduate), 1), f(3, 2, graduate), self2]
Defence:[nott(hopr2(AE, AE, PI, do(avoid))), pr1(AE, AE, PI, do(avoid), 1), f(0, 3, urgent2(avoid)), hopr2(AE, AE, PI, do(avoid)), f(5, 1), self2, self1]
Attack:[nott(pr6(AE, PI, AE, reduce(community_service), 1)), r(AE, PI, reduce(community_service), 1), ec(AE, PI, reduce(community_service), 1), f(0, 1), pr6(AE, PI, AE, reduce(community_service), 1), f(3, 2, community_service), self2]
Defence:[nott(hopr2(AE, AE, PI, do(avoid))), pr1(AE, AE, PI, do(avoid), 1), f(0, 3, urgent2(avoid)), hopr2(AE, AE, PI, do(avoid)), f(5, 1), self2, self1]
Attack:[nott(pr1(AE, AE, AE, do(avoid), 1)), r(AE, AE, do(avoid), 1), ec(AE, AE, do(avoid), 1), f(0, 1), pr1(AE, AE, AE, do(avoid), 1), f(5, 1), f(0, 3, urgent2(avoid)), self1]
Defence:[nott(pr5(AE, AE, PI, do(assist), 1)), r(AE, AE, do(assist), 1), ec(AE, AE, do(assist), 1), f(0, 1), pr5(AE, AE, PI, do(assist), 1), f(3, 1, assist), self2]
Attack:[nott(hopr3(AE, AE, AE, do(avoid))), pr1(AE, AE, AE, do(avoid), 1), f(0, 3, urgent2(avoid)), hopr3(AE, AE, AE, do(avoid)), f(5, 1), self2, self1]
Defence:[nott(hopr2(AE, AE, PI, do(avoid))), pr1(AE, AE, PI, do(avoid), 1), f(0, 3, urgent2(avoid)), hopr2(AE, AE, PI, do(avoid)), f(5, 1), self2, self1]
Attack:[nott(pr1(AE, AE, AE, do(avoid), 1)), r(AE, AE, do(avoid), 1), ec(AE, AE, do(avoid), 1), f(0, 1), pr1(AE, AE, AE, do(avoid), 1), f(5, 1), f(0, 3, urgent2(avoid)), self1]
Defence:[nott(pr5(AE, AE, PI, do(assist), 1)), r(AE, AE, do(assist), 1), ec(AE, AE, do(assist), 1), f(0, 1), pr5(AE, AE, PI, do(assist), 1), f(3, 1, assist), self2]
Attack:[nott(hopr3(AE, AE, AE, do(avoid))), pr1(AE, AE, AE, do(avoid), 1), f(0, 3, urgent2(avoid)), hopr3(AE, AE, AE, do(avoid)), f(5, 1), self2, self1]
Defence:[nott(hopr2(AE, AE, PI, do(avoid))), pr1(AE, AE, PI, do(avoid), 1), f(0, 3, urgent2(avoid)), hopr2(AE, AE, PI, do(avoid)), f(5, 1), self2, self1]
Attack:[nott(pr6(AE, PI, AE, reduce(community_service), 1)), r(AE, PI, reduce(community_service), 1), ec(AE, PI, reduce(community_service), 1), f(0, 1), pr6(AE, PI, AE, reduce(community_service), 1), f(3, 2, community_service), self2]
Defence:[nott(hopr2(AE, AE, PI, do(avoid))), pr1(AE, AE, PI, do(avoid), 1), f(0, 3, urgent2(avoid)), hopr2(AE, AE, PI, do(avoid)), f(5, 1), self2, self1]
Attack:[nott(pr1(AE, AE, AE, do(avoid), 1)), r(AE, AE, do(avoid), 1), ec(AE, AE, do(avoid), 1), f(0, 1), pr1(AE, AE, AE, do(avoid), 1), f(5, 1), f(0, 3, urgent2(avoid)), self1]
Defence:[nott(pr5(AE, AE, PI, do(assist), 1)), r(AE, AE, do(assist), 1), ec(AE, AE, do(assist), 1), f(0, 1), pr5(AE, AE, PI, do(assist), 1), f(3, 1, assist), self2]
Attack:[nott(hopr3(AE, AE, AE, do(avoid))), pr1(AE, AE, AE, do(avoid), 1), f(0, 3, urgent2(avoid)), hopr3(AE, AE, AE, do(avoid)), f(5, 1), self2, self1]
Defence:[nott(hopr2(AE, AE, PI, do(avoid))), pr1(AE, AE, PI, do(avoid), 1), f(0, 3, urgent2(avoid)), hopr2(AE, AE, PI, do(avoid)), f(5, 1), self2, self1]
Attack:[nott(pr1(AE, AE, AE, do(avoid), 1)), r(AE, AE, do(avoid), 1), ec(AE, AE, do(avoid), 1), f(0, 1), pr1(AE, AE, AE, do(avoid), 1), f(5, 1), f(0, 3, urgent2(avoid)), self1]
Attack:[nott(pr2(AE, PI, AE, reduce(survival), 1)), r(AE, PI, reduce(survival), 1), ec(AE, PI, reduce(survival), 1), f(0, 1), pr2(AE, PI, AE, reduce(survival), 1), f(4, 2), f(3, 2, survival), f(0, 2, urgent(survival)), self1]
Defence:[nott(hopr1(AE, AE, PI, do(avoid))), pr1(AE, AE, PI, do(avoid), 1), f(0, 3, urgent2(avoid)), hopr1(AE, AE, PI, do(avoid)), f(5, 1), self2, self1]
Attack:[nott(pr6(AE, PI, AE, reduce(survival), 1)), r(AE, PI, reduce(survival), 1), ec(AE, PI, reduce(survival), 1), f(0, 1), pr6(AE, PI, AE, reduce(survival), 1), f(3, 2, survival), self2]
Defence:[nott(hopr2(AE, AE, PI, do(avoid))), pr1(AE, AE, PI, do(avoid), 1), f(0, 3, urgent2(avoid)), hopr2(AE, AE, PI, do(avoid)), f(5, 1), self2, self1]
Attack:[nott(pr6(AE, PI, AE, reduce(graduate), 1)), r(AE, PI, reduce(graduate), 1), ec(AE, PI, reduce(graduate), 1), f(0, 1), pr6(AE, PI, AE, reduce(graduate), 1), f(3, 2, graduate), self2]
Defence:[nott(hopr2(AE, AE, PI, do(avoid))), pr1(AE, AE, PI, do(avoid), 1), f(0, 3, urgent2(avoid)), hopr2(AE, AE, PI, do(avoid)), f(5, 1), self2, self1]
Attack:[nott(pr6(AE, PI, AE, reduce(community_service), 1)), r(AE, PI, reduce(community_service), 1), ec(AE, PI, reduce(community_service), 1), f(0, 1), pr6(AE, PI, AE, reduce(community_service), 1), f(3, 2, community_service), self2]
Defence:[nott(hopr2(AE, AE, PI, do(avoid))), pr1(AE, AE, PI, do(avoid), 1), f(0, 3, urgent2(avoid)), hopr2(AE, AE, PI, do(avoid)), f(5, 1), self2, self1]
Attack:[nott(pr1(AE, AE, AE, do(avoid), 1)), r(AE, AE, do(avoid), 1), ec(AE, AE, do(avoid), 1), f(0, 1), pr1(AE, AE, AE, do(avoid), 1), f(5, 1), f(0, 3, urgent2(avoid)), self1]
Defence:[nott(pr5(AE, AE, PI, do(work), 1)), r(AE, AE, do(work), 1), ec(AE, AE, do(work), 1), f(0, 1), pr5(AE, AE, PI, do(work), 1), f(3, 1, work), self2]
Attack:[nott(hopr3(AE, AE, AE, do(avoid))), pr1(AE, AE, AE, do(avoid), 1), f(0, 3, urgent2(avoid)), hopr3(AE, AE, AE, do(avoid)), f(5, 1), self2, self1]
Defence:[nott(hopr2(AE, AE, PI, do(avoid))), pr1(AE, AE, PI, do(avoid), 1), f(0, 3, urgent2(avoid)), hopr2(AE, AE, PI, do(avoid)), f(5, 1), self2, self1]
Attack:[nott(pr1(AE, AE, AE, do(avoid), 1)), r(AE, AE, do(avoid), 1), ec(AE, AE, do(avoid), 1), f(0, 1), pr1(AE, AE, AE, do(avoid), 1), f(5, 1), f(0, 3, urgent2(avoid)), self1]
Defence:[nott(pr5(AE, AE, PI, do(work), 1)), r(AE, AE, do(work), 1), ec(AE, AE, do(work), 1), f(0, 1), pr5(AE, AE, PI, do(work), 1), f(3, 1, work), self2]
Attack:[nott(hopr3(AE, AE, AE, do(avoid))), pr1(AE, AE, AE, do(avoid), 1), f(0, 3, urgent2(avoid)), hopr3(AE, AE, AE, do(avoid)), f(5, 1), self2, self1]
Defence:[nott(hopr2(AE, AE, PI, do(avoid))), pr1(AE, AE, PI, do(avoid), 1), f(0, 3, urgent2(avoid)), hopr2(AE, AE, PI, do(avoid)), f(5, 1), self2, self1]
Attack:[nott(pr6(AE, PI, AE, reduce(community_service), 1)), r(AE, PI, reduce(community_service), 1), ec(AE, PI, reduce(community_service), 1), f(0, 1), pr6(AE, PI, AE, reduce(community_service), 1), f(3, 2, community_service), self2]
Defence:[nott(hopr2(AE, AE, PI, do(avoid))), pr1(AE, AE, PI, do(avoid), 1), f(0, 3, urgent2(avoid)), hopr2(AE, AE, PI, do(avoid)), f(5, 1), self2, self1]
Attack:[nott(pr1(AE, AE, AE, do(avoid), 1)), r(AE, AE, do(avoid), 1), ec(AE, AE, do(avoid), 1), f(0, 1), pr1(AE, AE, AE, do(avoid), 1), f(5, 1), f(0, 3, urgent2(avoid)), self1]
Defence:[nott(pr5(AE, AE, PI, do(work), 1)), r(AE, AE, do(work), 1), ec(AE, AE, do(work), 1), f(0, 1), pr5(AE, AE, PI, do(work), 1), f(3, 1, work), self2]
Attack:[nott(hopr3(AE, AE, AE, do(avoid))), pr1(AE, AE, AE, do(avoid), 1), f(0, 3, urgent2(avoid)), hopr3(AE, AE, AE, do(avoid)), f(5, 1), self2, self1]
Defence:[nott(hopr2(AE, AE, PI, do(avoid))), pr1(AE, AE, PI, do(avoid), 1), f(0, 3, urgent2(avoid)), hopr2(AE, AE, PI, do(avoid)), f(5, 1), self2, self1]
Attack:[nott(pr1(AE, AE, AE, do(avoid), 1)), r(AE, AE, do(avoid), 1), ec(AE, AE, do(avoid), 1), f(0, 1), pr1(AE, AE, AE, do(avoid), 1), f(5, 1), f(0, 3, urgent2(avoid)), self1]
Defence:[nott(pr5(AE, AE, PI, do(work), 1)), r(AE, AE, do(work), 1), ec(AE, AE, do(work), 1), f(0, 1), pr5(AE, AE, PI, do(work), 1), f(3, 1, work), self2]
Attack:[nott(hopr3(AE, AE, AE, do(avoid))), pr1(AE, AE, AE, do(avoid), 1), f(0, 3, urgent2(avoid)), hopr3(AE, AE, AE, do(avoid)), f(5, 1), self2, self1]
Defence:[nott(hopr2(AE, AE, PI, do(avoid))), pr1(AE, AE, PI, do(avoid), 1), f(0, 3, urgent2(avoid)), hopr2(AE, AE, PI, do(avoid)), f(5, 1), self2, self1]
Attack:[nott(pr6(AE, PI, AE, reduce(graduate), 1)), r(AE, PI, reduce(graduate), 1), ec(AE, PI, reduce(graduate), 1), f(0, 1), pr6(AE, PI, AE, reduce(graduate), 1), f(3, 2, graduate), self2]
Defence:[nott(hopr2(AE, AE, PI, do(avoid))), pr1(AE, AE, PI, do(avoid), 1), f(0, 3, urgent2(avoid)), hopr2(AE, AE, PI, do(avoid)), f(5, 1), self2, self1]
Attack:[nott(pr6(AE, PI, AE, reduce(community_service), 1)), r(AE, PI, reduce(community_service), 1), ec(AE, PI, reduce(community_service), 1), f(0, 1), pr6(AE, PI, AE, reduce(community_service), 1), f(3, 2, community_service), self2]
Defence:[nott(hopr2(AE, AE, PI, do(avoid))), pr1(AE, AE, PI, do(avoid), 1), f(0, 3, urgent2(avoid)), hopr2(AE, AE, PI, do(avoid)), f(5, 1), self2, self1]
Attack:[nott(pr1(AE, AE, AE, do(avoid), 1)), r(AE, AE, do(avoid), 1), ec(AE, AE, do(avoid), 1), f(0, 1), pr1(AE, AE, AE, do(avoid), 1), f(5, 1), f(0, 3, urgent2(avoid)), self1]
Defence:[nott(pr5(AE, AE, PI, do(work), 1)), r(AE, AE, do(work), 1), ec(AE, AE, do(work), 1), f(0, 1), pr5(AE, AE, PI, do(work), 1), f(3, 1, work), self2]
Attack:[nott(hopr3(AE, AE, AE, do(avoid))), pr1(AE, AE, AE, do(avoid), 1), f(0, 3, urgent2(avoid)), hopr3(AE, AE, AE, do(avoid)), f(5, 1), self2, self1]
Defence:[nott(hopr2(AE, AE, PI, do(avoid))), pr1(AE, AE, PI, do(avoid), 1), f(0, 3, urgent2(avoid)), hopr2(AE, AE, PI, do(avoid)), f(5, 1), self2, self1]
Attack:[nott(pr1(AE, AE, AE, do(avoid), 1)), r(AE, AE, do(avoid), 1), ec(AE, AE, do(avoid), 1), f(0, 1), pr1(AE, AE, AE, do(avoid), 1), f(5, 1), f(0, 3, urgent2(avoid)), self1]
Defence:[nott(pr5(AE, AE, PI, do(work), 1)), r(AE, AE, do(work), 1), ec(AE, AE, do(work), 1), f(0, 1), pr5(AE, AE, PI, do(work), 1), f(3, 1, work), self2]
Attack:[nott(hopr3(AE, AE, AE, do(avoid))), pr1(AE, AE, AE, do(avoid), 1), f(0, 3, urgent2(avoid)), hopr3(AE, AE, AE, do(avoid)), f(5, 1), self2, self1]
Defence:[nott(hopr2(AE, AE, PI, do(avoid))), pr1(AE, AE, PI, do(avoid), 1), f(0, 3, urgent2(avoid)), hopr2(AE, AE, PI, do(avoid)), f(5, 1), self2, self1]
Attack:[nott(pr6(AE, PI, AE, reduce(community_service), 1)), r(AE, PI, reduce(community_service), 1), ec(AE, PI, reduce(community_service), 1), f(0, 1), pr6(AE, PI, AE, reduce(community_service), 1), f(3, 2, community_service), self2]
Defence:[nott(hopr2(AE, AE, PI, do(avoid))), pr1(AE, AE, PI, do(avoid), 1), f(0, 3, urgent2(avoid)), hopr2(AE, AE, PI, do(avoid)), f(5, 1), self2, self1]
Attack:[nott(pr1(AE, AE, AE, do(avoid), 1)), r(AE, AE, do(avoid), 1), ec(AE, AE, do(avoid), 1), f(0, 1), pr1(AE, AE, AE, do(avoid), 1), f(5, 1), f(0, 3, urgent2(avoid)), self1]
Defence:[nott(pr5(AE, AE, PI, do(work), 1)), r(AE, AE, do(work), 1), ec(AE, AE, do(work), 1), f(0, 1), pr5(AE, AE, PI, do(work), 1), f(3, 1, work), self2]
Attack:[nott(hopr3(AE, AE, AE, do(avoid))), pr1(AE, AE, AE, do(avoid), 1), f(0, 3, urgent2(avoid)), hopr3(AE, AE, AE, do(avoid)), f(5, 1), self2, self1]
Defence:[nott(hopr2(AE, AE, PI, do(avoid))), pr1(AE, AE, PI, do(avoid), 1), f(0, 3, urgent2(avoid)), hopr2(AE, AE, PI, do(avoid)), f(5, 1), self2, self1]
Attack:[nott(pr1(AE, AE, AE, do(avoid), 1)), r(AE, AE, do(avoid), 1), ec(AE, AE, do(avoid), 1), f(0, 1), pr1(AE, AE, AE, do(avoid), 1), f(5, 1), f(0, 3, urgent2(avoid)), self1]
Defence:[nott(pr5(AE, AE, PI, do(work), 1)), r(AE, AE, do(work), 1), ec(AE, AE, do(work), 1), f(0, 1), pr5(AE, AE, PI, do(work), 1), f(3, 1, work), self2]
Attack:[nott(hopr3(AE, AE, AE, do(avoid))), pr1(AE, AE, AE, do(avoid), 1), f(0, 3, urgent2(avoid)), hopr3(AE, AE, AE, do(avoid)), f(5, 1), self2, self1]
Defence:[nott(hopr1(AE, AE, PI, do(avoid))), pr1(AE, AE, PI, do(avoid), 1), f(0, 3, urgent2(avoid)), hopr1(AE, AE, PI, do(avoid)), f(5, 1), self2, self1]
Attack:[nott(pr6(AE, PI, AE, reduce(survival), 1)), r(AE, PI, reduce(survival), 1), ec(AE, PI, reduce(survival), 1), f(0, 1), pr6(AE, PI, AE, reduce(survival), 1), f(3, 2, survival), self2]
Defence:[nott(hopr2(AE, AE, PI, do(avoid))), pr1(AE, AE, PI, do(avoid), 1), f(0, 3, urgent2(avoid)), hopr2(AE, AE, PI, do(avoid)), f(5, 1), self2, self1]
Attack:[nott(pr6(AE, PI, AE, reduce(graduate), 1)), r(AE, PI, reduce(graduate), 1), ec(AE, PI, reduce(graduate), 1), f(0, 1), pr6(AE, PI, AE, reduce(graduate), 1), f(3, 2, graduate), self2]
Defence:[nott(hopr2(AE, AE, PI, do(avoid))), pr1(AE, AE, PI, do(avoid), 1), f(0, 3, urgent2(avoid)), hopr2(AE, AE, PI, do(avoid)), f(5, 1), self2, self1]
Attack:[nott(pr6(AE, PI, AE, reduce(community_service), 1)), r(AE, PI, reduce(community_service), 1), ec(AE, PI, reduce(community_service), 1), f(0, 1), pr6(AE, PI, AE, reduce(community_service), 1), f(3, 2, community_service), self2]
Defence:[nott(hopr2(AE, AE, PI, do(avoid))), pr1(AE, AE, PI, do(avoid), 1), f(0, 3, urgent2(avoid)), hopr2(AE, AE, PI, do(avoid)), f(5, 1), self2, self1]
Attack:[nott(pr1(AE, AE, AE, do(avoid), 1)), r(AE, AE, do(avoid), 1), ec(AE, AE, do(avoid), 1), f(0, 1), pr1(AE, AE, AE, do(avoid), 1), f(5, 1), f(0, 3, urgent2(avoid)), self1]
Defence:[nott(pr5(AE, AE, PI, do(work), 1)), r(AE, AE, do(work), 1), ec(AE, AE, do(work), 1), f(0, 1), pr5(AE, AE, PI, do(work), 1), f(3, 1, work), self2]
Attack:[nott(hopr3(AE, AE, AE, do(avoid))), pr1(AE, AE, AE, do(avoid), 1), f(0, 3, urgent2(avoid)), hopr3(AE, AE, AE, do(avoid)), f(5, 1), self2, self1]
Defence:[nott(hopr2(AE, AE, PI, do(avoid))), pr1(AE, AE, PI, do(avoid), 1), f(0, 3, urgent2(avoid)), hopr2(AE, AE, PI, do(avoid)), f(5, 1), self2, self1]
Attack:[nott(pr1(AE, AE, AE, do(avoid), 1)), r(AE, AE, do(avoid), 1), ec(AE, AE, do(avoid), 1), f(0, 1), pr1(AE, AE, AE, do(avoid), 1), f(5, 1), f(0, 3, urgent2(avoid)), self1]
Defence:[nott(pr5(AE, AE, PI, do(work), 1)), r(AE, AE, do(work), 1), ec(AE, AE, do(work), 1), f(0, 1), pr5(AE, AE, PI, do(work), 1), f(3, 1, work), self2]
Attack:[nott(hopr3(AE, AE, AE, do(avoid))), pr1(AE, AE, AE, do(avoid), 1), f(0, 3, urgent2(avoid)), hopr3(AE, AE, AE, do(avoid)), f(5, 1), self2, self1]
Defence:[nott(hopr2(AE, AE, PI, do(avoid))), pr1(AE, AE, PI, do(avoid), 1), f(0, 3, urgent2(avoid)), hopr2(AE, AE, PI, do(avoid)), f(5, 1), self2, self1]
Attack:[nott(pr6(AE, PI, AE, reduce(community_service), 1)), r(AE, PI, reduce(community_service), 1), ec(AE, PI, reduce(community_service), 1), f(0, 1), pr6(AE, PI, AE, reduce(community_service), 1), f(3, 2, community_service), self2]
Defence:[nott(hopr2(AE, AE, PI, do(avoid))), pr1(AE, AE, PI, do(avoid), 1), f(0, 3, urgent2(avoid)), hopr2(AE, AE, PI, do(avoid)), f(5, 1), self2, self1]
Attack:[nott(pr1(AE, AE, AE, do(avoid), 1)), r(AE, AE, do(avoid), 1), ec(AE, AE, do(avoid), 1), f(0, 1), pr1(AE, AE, AE, do(avoid), 1), f(5, 1), f(0, 3, urgent2(avoid)), self1]
Defence:[nott(pr5(AE, AE, PI, do(work), 1)), r(AE, AE, do(work), 1), ec(AE, AE, do(work), 1), f(0, 1), pr5(AE, AE, PI, do(work), 1), f(3, 1, work), self2]
Attack:[nott(hopr3(AE, AE, AE, do(avoid))), pr1(AE, AE, AE, do(avoid), 1), f(0, 3, urgent2(avoid)), hopr3(AE, AE, AE, do(avoid)), f(5, 1), self2, self1]
Defence:[nott(hopr2(AE, AE, PI, do(avoid))), pr1(AE, AE, PI, do(avoid), 1), f(0, 3, urgent2(avoid)), hopr2(AE, AE, PI, do(avoid)), f(5, 1), self2, self1]
Attack:[nott(pr1(AE, AE, AE, do(avoid), 1)), r(AE, AE, do(avoid), 1), ec(AE, AE, do(avoid), 1), f(0, 1), pr1(AE, AE, AE, do(avoid), 1), f(5, 1), f(0, 3, urgent2(avoid)), self1]
Defence:[nott(pr5(AE, AE, PI, do(work), 1)), r(AE, AE, do(work), 1), ec(AE, AE, do(work), 1), f(0, 1), pr5(AE, AE, PI, do(work), 1), f(3, 1, work), self2]
Attack:[nott(hopr3(AE, AE, AE, do(avoid))), pr1(AE, AE, AE, do(avoid), 1), f(0, 3, urgent2(avoid)), hopr3(AE, AE, AE, do(avoid)), f(5, 1), self2, self1]
Defence:[nott(hopr2(AE, AE, PI, do(avoid))), pr1(AE, AE, PI, do(avoid), 1), f(0, 3, urgent2(avoid)), hopr2(AE, AE, PI, do(avoid)), f(5, 1), self2, self1]
Attack:[nott(pr6(AE, PI, AE, reduce(graduate), 1)), r(AE, PI, reduce(graduate), 1), ec(AE, PI, reduce(graduate), 1), f(0, 1), pr6(AE, PI, AE, reduce(graduate), 1), f(3, 2, graduate), self2]
Defence:[nott(hopr2(AE, AE, PI, do(avoid))), pr1(AE, AE, PI, do(avoid), 1), f(0, 3, urgent2(avoid)), hopr2(AE, AE, PI, do(avoid)), f(5, 1), self2, self1]
Attack:[nott(pr6(AE, PI, AE, reduce(community_service), 1)), r(AE, PI, reduce(community_service), 1), ec(AE, PI, reduce(community_service), 1), f(0, 1), pr6(AE, PI, AE, reduce(community_service), 1), f(3, 2, community_service), self2]
Defence:[nott(hopr2(AE, AE, PI, do(avoid))), pr1(AE, AE, PI, do(avoid), 1), f(0, 3, urgent2(avoid)), hopr2(AE, AE, PI, do(avoid)), f(5, 1), self2, self1]
Attack:[nott(pr1(AE, AE, AE, do(avoid), 1)), r(AE, AE, do(avoid), 1), ec(AE, AE, do(avoid), 1), f(0, 1), pr1(AE, AE, AE, do(avoid), 1), f(5, 1), f(0, 3, urgent2(avoid)), self1]
Defence:[nott(pr5(AE, AE, PI, do(work), 1)), r(AE, AE, do(work), 1), ec(AE, AE, do(work), 1), f(0, 1), pr5(AE, AE, PI, do(work), 1), f(3, 1, work), self2]
Attack:[nott(hopr3(AE, AE, AE, do(avoid))), pr1(AE, AE, AE, do(avoid), 1), f(0, 3, urgent2(avoid)), hopr3(AE, AE, AE, do(avoid)), f(5, 1), self2, self1]
Defence:[nott(hopr2(AE, AE, PI, do(avoid))), pr1(AE, AE, PI, do(avoid), 1), f(0, 3, urgent2(avoid)), hopr2(AE, AE, PI, do(avoid)), f(5, 1), self2, self1]
Attack:[nott(pr1(AE, AE, AE, do(avoid), 1)), r(AE, AE, do(avoid), 1), ec(AE, AE, do(avoid), 1), f(0, 1), pr1(AE, AE, AE, do(avoid), 1), f(5, 1), f(0, 3, urgent2(avoid)), self1]
Defence:[nott(pr5(AE, AE, PI, do(work), 1)), r(AE, AE, do(work), 1), ec(AE, AE, do(work), 1), f(0, 1), pr5(AE, AE, PI, do(work), 1), f(3, 1, work), self2]
Attack:[nott(hopr3(AE, AE, AE, do(avoid))), pr1(AE, AE, AE, do(avoid), 1), f(0, 3, urgent2(avoid)), hopr3(AE, AE, AE, do(avoid)), f(5, 1), self2, self1]
Defence:[nott(hopr2(AE, AE, PI, do(avoid))), pr1(AE, AE, PI, do(avoid), 1), f(0, 3, urgent2(avoid)), hopr2(AE, AE, PI, do(avoid)), f(5, 1), self2, self1]
Attack:[nott(pr6(AE, PI, AE, reduce(community_service), 1)), r(AE, PI, reduce(community_service), 1), ec(AE, PI, reduce(community_service), 1), f(0, 1), pr6(AE, PI, AE, reduce(community_service), 1), f(3, 2, community_service), self2]
Defence:[nott(hopr2(AE, AE, PI, do(avoid))), pr1(AE, AE, PI, do(avoid), 1), f(0, 3, urgent2(avoid)), hopr2(AE, AE, PI, do(avoid)), f(5, 1), self2, self1]
Attack:[nott(pr1(AE, AE, AE, do(avoid), 1)), r(AE, AE, do(avoid), 1), ec(AE, AE, do(avoid), 1), f(0, 1), pr1(AE, AE, AE, do(avoid), 1), f(5, 1), f(0, 3, urgent2(avoid)), self1]
Defence:[nott(pr5(AE, AE, PI, do(work), 1)), r(AE, AE, do(work), 1), ec(AE, AE, do(work), 1), f(0, 1), pr5(AE, AE, PI, do(work), 1), f(3, 1, work), self2]
Attack:[nott(hopr3(AE, AE, AE, do(avoid))), pr1(AE, AE, AE, do(avoid), 1), f(0, 3, urgent2(avoid)), hopr3(AE, AE, AE, do(avoid)), f(5, 1), self2, self1]
Defence:[nott(hopr2(AE, AE, PI, do(avoid))), pr1(AE, AE, PI, do(avoid), 1), f(0, 3, urgent2(avoid)), hopr2(AE, AE, PI, do(avoid)), f(5, 1), self2, self1]
Attack:[nott(pr1(AE, AE, AE, do(avoid), 1)), r(AE, AE, do(avoid), 1), ec(AE, AE, do(avoid), 1), f(0, 1), pr1(AE, AE, AE, do(avoid), 1), f(5, 1), f(0, 3, urgent2(avoid)), self1]
Attack:[nott(pr2(AE, PI, AE, reduce(survival), 1)), r(AE, PI, reduce(survival), 1), ec(AE, PI, reduce(survival), 1), f(0, 1), pr2(AE, PI, AE, reduce(survival), 1), f(4, 2), f(3, 2, survival), f(0, 2, urgent(survival)), self1]
Defence:[nott(hopr1(AE, AE, PI, do(avoid))), pr1(AE, AE, PI, do(avoid), 1), f(0, 3, urgent2(avoid)), hopr1(AE, AE, PI, do(avoid)), f(5, 1), self2, self1]
Attack:[nott(pr6(AE, PI, AE, reduce(survival), 1)), r(AE, PI, reduce(survival), 1), ec(AE, PI, reduce(survival), 1), f(0, 1), pr6(AE, PI, AE, reduce(survival), 1), f(3, 2, survival), self2]
Defence:[nott(hopr2(AE, AE, PI, do(avoid))), pr1(AE, AE, PI, do(avoid), 1), f(0, 3, urgent2(avoid)), hopr2(AE, AE, PI, do(avoid)), f(5, 1), self2, self1]
Attack:[nott(pr6(AE, PI, AE, reduce(graduate), 1)), r(AE, PI, reduce(graduate), 1), ec(AE, PI, reduce(graduate), 1), f(0, 1), pr6(AE, PI, AE, reduce(graduate), 1), f(3, 2, graduate), self2]
Defence:[nott(hopr2(AE, AE, PI, do(avoid))), pr1(AE, AE, PI, do(avoid), 1), f(0, 3, urgent2(avoid)), hopr2(AE, AE, PI, do(avoid)), f(5, 1), self2, self1]
Attack:[nott(pr6(AE, PI, AE, reduce(community_service), 1)), r(AE, PI, reduce(community_service), 1), ec(AE, PI, reduce(community_service), 1), f(0, 1), pr6(AE, PI, AE, reduce(community_service), 1), f(3, 2, community_service), self2]
Defence:[nott(hopr2(AE, AE, PI, do(avoid))), pr1(AE, AE, PI, do(avoid), 1), f(0, 3, urgent2(avoid)), hopr2(AE, AE, PI, do(avoid)), f(5, 1), self2, self1]
Attack:[nott(pr1(AE, AE, AE, do(avoid), 1)), r(AE, AE, do(avoid), 1), ec(AE, AE, do(avoid), 1), f(0, 1), pr1(AE, AE, AE, do(avoid), 1), f(5, 1), f(0, 3, urgent2(avoid)), self1]
Defence:[nott(pr5(AE, AE, PI, do(study), 1)), r(AE, AE, do(study), 1), ec(AE, AE, do(study), 1), f(0, 1), pr5(AE, AE, PI, do(study), 1), f(3, 1, study), self2]
Attack:[nott(hopr3(AE, AE, AE, do(avoid))), pr1(AE, AE, AE, do(avoid), 1), f(0, 3, urgent2(avoid)), hopr3(AE, AE, AE, do(avoid)), f(5, 1), self2, self1]
Defence:[nott(hopr2(AE, AE, PI, do(avoid))), pr1(AE, AE, PI, do(avoid), 1), f(0, 3, urgent2(avoid)), hopr2(AE, AE, PI, do(avoid)), f(5, 1), self2, self1]
Attack:[nott(pr1(AE, AE, AE, do(avoid), 1)), r(AE, AE, do(avoid), 1), ec(AE, AE, do(avoid), 1), f(0, 1), pr1(AE, AE, AE, do(avoid), 1), f(5, 1), f(0, 3, urgent2(avoid)), self1]
Defence:[nott(pr5(AE, AE, PI, do(study), 1)), r(AE, AE, do(study), 1), ec(AE, AE, do(study), 1), f(0, 1), pr5(AE, AE, PI, do(study), 1), f(3, 1, study), self2]
Attack:[nott(hopr3(AE, AE, AE, do(avoid))), pr1(AE, AE, AE, do(avoid), 1), f(0, 3, urgent2(avoid)), hopr3(AE, AE, AE, do(avoid)), f(5, 1), self2, self1]
Defence:[nott(hopr2(AE, AE, PI, do(avoid))), pr1(AE, AE, PI, do(avoid), 1), f(0, 3, urgent2(avoid)), hopr2(AE, AE, PI, do(avoid)), f(5, 1), self2, self1]
Attack:[nott(pr6(AE, PI, AE, reduce(community_service), 1)), r(AE, PI, reduce(community_service), 1), ec(AE, PI, reduce(community_service), 1), f(0, 1), pr6(AE, PI, AE, reduce(community_service), 1), f(3, 2, community_service), self2]
Defence:[nott(hopr2(AE, AE, PI, do(avoid))), pr1(AE, AE, PI, do(avoid), 1), f(0, 3, urgent2(avoid)), hopr2(AE, AE, PI, do(avoid)), f(5, 1), self2, self1]
Attack:[nott(pr1(AE, AE, AE, do(avoid), 1)), r(AE, AE, do(avoid), 1), ec(AE, AE, do(avoid), 1), f(0, 1), pr1(AE, AE, AE, do(avoid), 1), f(5, 1), f(0, 3, urgent2(avoid)), self1]
Defence:[nott(pr5(AE, AE, PI, do(study), 1)), r(AE, AE, do(study), 1), ec(AE, AE, do(study), 1), f(0, 1), pr5(AE, AE, PI, do(study), 1), f(3, 1, study), self2]
Attack:[nott(hopr3(AE, AE, AE, do(avoid))), pr1(AE, AE, AE, do(avoid), 1), f(0, 3, urgent2(avoid)), hopr3(AE, AE, AE, do(avoid)), f(5, 1), self2, self1]
Defence:[nott(hopr2(AE, AE, PI, do(avoid))), pr1(AE, AE, PI, do(avoid), 1), f(0, 3, urgent2(avoid)), hopr2(AE, AE, PI, do(avoid)), f(5, 1), self2, self1]
Attack:[nott(pr1(AE, AE, AE, do(avoid), 1)), r(AE, AE, do(avoid), 1), ec(AE, AE, do(avoid), 1), f(0, 1), pr1(AE, AE, AE, do(avoid), 1), f(5, 1), f(0, 3, urgent2(avoid)), self1]
Defence:[nott(pr5(AE, AE, PI, do(study), 1)), r(AE, AE, do(study), 1), ec(AE, AE, do(study), 1), f(0, 1), pr5(AE, AE, PI, do(study), 1), f(3, 1, study), self2]
Attack:[nott(hopr3(AE, AE, AE, do(avoid))), pr1(AE, AE, AE, do(avoid), 1), f(0, 3, urgent2(avoid)), hopr3(AE, AE, AE, do(avoid)), f(5, 1), self2, self1]
Defence:[nott(hopr2(AE, AE, PI, do(avoid))), pr1(AE, AE, PI, do(avoid), 1), f(0, 3, urgent2(avoid)), hopr2(AE, AE, PI, do(avoid)), f(5, 1), self2, self1]
Attack:[nott(pr6(AE, PI, AE, reduce(graduate), 1)), r(AE, PI, reduce(graduate), 1), ec(AE, PI, reduce(graduate), 1), f(0, 1), pr6(AE, PI, AE, reduce(graduate), 1), f(3, 2, graduate), self2]
Defence:[nott(hopr2(AE, AE, PI, do(avoid))), pr1(AE, AE, PI, do(avoid), 1), f(0, 3, urgent2(avoid)), hopr2(AE, AE, PI, do(avoid)), f(5, 1), self2, self1]
Attack:[nott(pr6(AE, PI, AE, reduce(community_service), 1)), r(AE, PI, reduce(community_service), 1), ec(AE, PI, reduce(community_service), 1), f(0, 1), pr6(AE, PI, AE, reduce(community_service), 1), f(3, 2, community_service), self2]
Defence:[nott(hopr2(AE, AE, PI, do(avoid))), pr1(AE, AE, PI, do(avoid), 1), f(0, 3, urgent2(avoid)), hopr2(AE, AE, PI, do(avoid)), f(5, 1), self2, self1]
Attack:[nott(pr1(AE, AE, AE, do(avoid), 1)), r(AE, AE, do(avoid), 1), ec(AE, AE, do(avoid), 1), f(0, 1), pr1(AE, AE, AE, do(avoid), 1), f(5, 1), f(0, 3, urgent2(avoid)), self1]
Defence:[nott(pr5(AE, AE, PI, do(study), 1)), r(AE, AE, do(study), 1), ec(AE, AE, do(study), 1), f(0, 1), pr5(AE, AE, PI, do(study), 1), f(3, 1, study), self2]
Attack:[nott(hopr3(AE, AE, AE, do(avoid))), pr1(AE, AE, AE, do(avoid), 1), f(0, 3, urgent2(avoid)), hopr3(AE, AE, AE, do(avoid)), f(5, 1), self2, self1]
Defence:[nott(hopr2(AE, AE, PI, do(avoid))), pr1(AE, AE, PI, do(avoid), 1), f(0, 3, urgent2(avoid)), hopr2(AE, AE, PI, do(avoid)), f(5, 1), self2, self1]
Attack:[nott(pr1(AE, AE, AE, do(avoid), 1)), r(AE, AE, do(avoid), 1), ec(AE, AE, do(avoid), 1), f(0, 1), pr1(AE, AE, AE, do(avoid), 1), f(5, 1), f(0, 3, urgent2(avoid)), self1]
Defence:[nott(pr5(AE, AE, PI, do(study), 1)), r(AE, AE, do(study), 1), ec(AE, AE, do(study), 1), f(0, 1), pr5(AE, AE, PI, do(study), 1), f(3, 1, study), self2]
Attack:[nott(hopr3(AE, AE, AE, do(avoid))), pr1(AE, AE, AE, do(avoid), 1), f(0, 3, urgent2(avoid)), hopr3(AE, AE, AE, do(avoid)), f(5, 1), self2, self1]
Defence:[nott(hopr2(AE, AE, PI, do(avoid))), pr1(AE, AE, PI, do(avoid), 1), f(0, 3, urgent2(avoid)), hopr2(AE, AE, PI, do(avoid)), f(5, 1), self2, self1]
Attack:[nott(pr6(AE, PI, AE, reduce(community_service), 1)), r(AE, PI, reduce(community_service), 1), ec(AE, PI, reduce(community_service), 1), f(0, 1), pr6(AE, PI, AE, reduce(community_service), 1), f(3, 2, community_service), self2]
Defence:[nott(hopr2(AE, AE, PI, do(avoid))), pr1(AE, AE, PI, do(avoid), 1), f(0, 3, urgent2(avoid)), hopr2(AE, AE, PI, do(avoid)), f(5, 1), self2, self1]
Attack:[nott(pr1(AE, AE, AE, do(avoid), 1)), r(AE, AE, do(avoid), 1), ec(AE, AE, do(avoid), 1), f(0, 1), pr1(AE, AE, AE, do(avoid), 1), f(5, 1), f(0, 3, urgent2(avoid)), self1]
Defence:[nott(pr5(AE, AE, PI, do(study), 1)), r(AE, AE, do(study), 1), ec(AE, AE, do(study), 1), f(0, 1), pr5(AE, AE, PI, do(study), 1), f(3, 1, study), self2]
Attack:[nott(hopr3(AE, AE, AE, do(avoid))), pr1(AE, AE, AE, do(avoid), 1), f(0, 3, urgent2(avoid)), hopr3(AE, AE, AE, do(avoid)), f(5, 1), self2, self1]
Defence:[nott(hopr2(AE, AE, PI, do(avoid))), pr1(AE, AE, PI, do(avoid), 1), f(0, 3, urgent2(avoid)), hopr2(AE, AE, PI, do(avoid)), f(5, 1), self2, self1]
Attack:[nott(pr1(AE, AE, AE, do(avoid), 1)), r(AE, AE, do(avoid), 1), ec(AE, AE, do(avoid), 1), f(0, 1), pr1(AE, AE, AE, do(avoid), 1), f(5, 1), f(0, 3, urgent2(avoid)), self1]
Defence:[nott(pr5(AE, AE, PI, do(study), 1)), r(AE, AE, do(study), 1), ec(AE, AE, do(study), 1), f(0, 1), pr5(AE, AE, PI, do(study), 1), f(3, 1, study), self2]
Attack:[nott(hopr3(AE, AE, AE, do(avoid))), pr1(AE, AE, AE, do(avoid), 1), f(0, 3, urgent2(avoid)), hopr3(AE, AE, AE, do(avoid)), f(5, 1), self2, self1]
Defence:[nott(hopr1(AE, AE, PI, do(avoid))), pr1(AE, AE, PI, do(avoid), 1), f(0, 3, urgent2(avoid)), hopr1(AE, AE, PI, do(avoid)), f(5, 1), self2, self1]
Attack:[nott(pr6(AE, PI, AE, reduce(survival), 1)), r(AE, PI, reduce(survival), 1), ec(AE, PI, reduce(survival), 1), f(0, 1), pr6(AE, PI, AE, reduce(survival), 1), f(3, 2, survival), self2]
Defence:[nott(hopr2(AE, AE, PI, do(avoid))), pr1(AE, AE, PI, do(avoid), 1), f(0, 3, urgent2(avoid)), hopr2(AE, AE, PI, do(avoid)), f(5, 1), self2, self1]
Attack:[nott(pr6(AE, PI, AE, reduce(graduate), 1)), r(AE, PI, reduce(graduate), 1), ec(AE, PI, reduce(graduate), 1), f(0, 1), pr6(AE, PI, AE, reduce(graduate), 1), f(3, 2, graduate), self2]
Defence:[nott(hopr2(AE, AE, PI, do(avoid))), pr1(AE, AE, PI, do(avoid), 1), f(0, 3, urgent2(avoid)), hopr2(AE, AE, PI, do(avoid)), f(5, 1), self2, self1]
Attack:[nott(pr6(AE, PI, AE, reduce(community_service), 1)), r(AE, PI, reduce(community_service), 1), ec(AE, PI, reduce(community_service), 1), f(0, 1), pr6(AE, PI, AE, reduce(community_service), 1), f(3, 2, community_service), self2]
Defence:[nott(hopr2(AE, AE, PI, do(avoid))), pr1(AE, AE, PI, do(avoid), 1), f(0, 3, urgent2(avoid)), hopr2(AE, AE, PI, do(avoid)), f(5, 1), self2, self1]
Attack:[nott(pr1(AE, AE, AE, do(avoid), 1)), r(AE, AE, do(avoid), 1), ec(AE, AE, do(avoid), 1), f(0, 1), pr1(AE, AE, AE, do(avoid), 1), f(5, 1), f(0, 3, urgent2(avoid)), self1]
Defence:[nott(pr5(AE, AE, PI, do(study), 1)), r(AE, AE, do(study), 1), ec(AE, AE, do(study), 1), f(0, 1), pr5(AE, AE, PI, do(study), 1), f(3, 1, study), self2]
Attack:[nott(hopr3(AE, AE, AE, do(avoid))), pr1(AE, AE, AE, do(avoid), 1), f(0, 3, urgent2(avoid)), hopr3(AE, AE, AE, do(avoid)), f(5, 1), self2, self1]
Defence:[nott(hopr2(AE, AE, PI, do(avoid))), pr1(AE, AE, PI, do(avoid), 1), f(0, 3, urgent2(avoid)), hopr2(AE, AE, PI, do(avoid)), f(5, 1), self2, self1]
Attack:[nott(pr1(AE, AE, AE, do(avoid), 1)), r(AE, AE, do(avoid), 1), ec(AE, AE, do(avoid), 1), f(0, 1), pr1(AE, AE, AE, do(avoid), 1), f(5, 1), f(0, 3, urgent2(avoid)), self1]
Defence:[nott(pr5(AE, AE, PI, do(study), 1)), r(AE, AE, do(study), 1), ec(AE, AE, do(study), 1), f(0, 1), pr5(AE, AE, PI, do(study), 1), f(3, 1, study), self2]
Attack:[nott(hopr3(AE, AE, AE, do(avoid))), pr1(AE, AE, AE, do(avoid), 1), f(0, 3, urgent2(avoid)), hopr3(AE, AE, AE, do(avoid)), f(5, 1), self2, self1]
Defence:[nott(hopr2(AE, AE, PI, do(avoid))), pr1(AE, AE, PI, do(avoid), 1), f(0, 3, urgent2(avoid)), hopr2(AE, AE, PI, do(avoid)), f(5, 1), self2, self1]
Attack:[nott(pr6(AE, PI, AE, reduce(community_service), 1)), r(AE, PI, reduce(community_service), 1), ec(AE, PI, reduce(community_service), 1), f(0, 1), pr6(AE, PI, AE, reduce(community_service), 1), f(3, 2, community_service), self2]
Defence:[nott(hopr2(AE, AE, PI, do(avoid))), pr1(AE, AE, PI, do(avoid), 1), f(0, 3, urgent2(avoid)), hopr2(AE, AE, PI, do(avoid)), f(5, 1), self2, self1]
Attack:[nott(pr1(AE, AE, AE, do(avoid), 1)), r(AE, AE, do(avoid), 1), ec(AE, AE, do(avoid), 1), f(0, 1), pr1(AE, AE, AE, do(avoid), 1), f(5, 1), f(0, 3, urgent2(avoid)), self1]
Defence:[nott(pr5(AE, AE, PI, do(study), 1)), r(AE, AE, do(study), 1), ec(AE, AE, do(study), 1), f(0, 1), pr5(AE, AE, PI, do(study), 1), f(3, 1, study), self2]
Attack:[nott(hopr3(AE, AE, AE, do(avoid))), pr1(AE, AE, AE, do(avoid), 1), f(0, 3, urgent2(avoid)), hopr3(AE, AE, AE, do(avoid)), f(5, 1), self2, self1]
Defence:[nott(hopr2(AE, AE, PI, do(avoid))), pr1(AE, AE, PI, do(avoid), 1), f(0, 3, urgent2(avoid)), hopr2(AE, AE, PI, do(avoid)), f(5, 1), self2, self1]
Attack:[nott(pr1(AE, AE, AE, do(avoid), 1)), r(AE, AE, do(avoid), 1), ec(AE, AE, do(avoid), 1), f(0, 1), pr1(AE, AE, AE, do(avoid), 1), f(5, 1), f(0, 3, urgent2(avoid)), self1]
Defence:[nott(pr5(AE, AE, PI, do(study), 1)), r(AE, AE, do(study), 1), ec(AE, AE, do(study), 1), f(0, 1), pr5(AE, AE, PI, do(study), 1), f(3, 1, study), self2]
Attack:[nott(hopr3(AE, AE, AE, do(avoid))), pr1(AE, AE, AE, do(avoid), 1), f(0, 3, urgent2(avoid)), hopr3(AE, AE, AE, do(avoid)), f(5, 1), self2, self1]
Defence:[nott(hopr2(AE, AE, PI, do(avoid))), pr1(AE, AE, PI, do(avoid), 1), f(0, 3, urgent2(avoid)), hopr2(AE, AE, PI, do(avoid)), f(5, 1), self2, self1]
Attack:[nott(pr6(AE, PI, AE, reduce(graduate), 1)), r(AE, PI, reduce(graduate), 1), ec(AE, PI, reduce(graduate), 1), f(0, 1), pr6(AE, PI, AE, reduce(graduate), 1), f(3, 2, graduate), self2]
Defence:[nott(hopr2(AE, AE, PI, do(avoid))), pr1(AE, AE, PI, do(avoid), 1), f(0, 3, urgent2(avoid)), hopr2(AE, AE, PI, do(avoid)), f(5, 1), self2, self1]
Attack:[nott(pr6(AE, PI, AE, reduce(community_service), 1)), r(AE, PI, reduce(community_service), 1), ec(AE, PI, reduce(community_service), 1), f(0, 1), pr6(AE, PI, AE, reduce(community_service), 1), f(3, 2, community_service), self2]
Defence:[nott(hopr2(AE, AE, PI, do(avoid))), pr1(AE, AE, PI, do(avoid), 1), f(0, 3, urgent2(avoid)), hopr2(AE, AE, PI, do(avoid)), f(5, 1), self2, self1]
Attack:[nott(pr1(AE, AE, AE, do(avoid), 1)), r(AE, AE, do(avoid), 1), ec(AE, AE, do(avoid), 1), f(0, 1), pr1(AE, AE, AE, do(avoid), 1), f(5, 1), f(0, 3, urgent2(avoid)), self1]
Defence:[nott(pr5(AE, AE, PI, do(study), 1)), r(AE, AE, do(study), 1), ec(AE, AE, do(study), 1), f(0, 1), pr5(AE, AE, PI, do(study), 1), f(3, 1, study), self2]
Attack:[nott(hopr3(AE, AE, AE, do(avoid))), pr1(AE, AE, AE, do(avoid), 1), f(0, 3, urgent2(avoid)), hopr3(AE, AE, AE, do(avoid)), f(5, 1), self2, self1]
Defence:[nott(hopr2(AE, AE, PI, do(avoid))), pr1(AE, AE, PI, do(avoid), 1), f(0, 3, urgent2(avoid)), hopr2(AE, AE, PI, do(avoid)), f(5, 1), self2, self1]
Attack:[nott(pr1(AE, AE, AE, do(avoid), 1)), r(AE, AE, do(avoid), 1), ec(AE, AE, do(avoid), 1), f(0, 1), pr1(AE, AE, AE, do(avoid), 1), f(5, 1), f(0, 3, urgent2(avoid)), self1]
Defence:[nott(pr5(AE, AE, PI, do(study), 1)), r(AE, AE, do(study), 1), ec(AE, AE, do(study), 1), f(0, 1), pr5(AE, AE, PI, do(study), 1), f(3, 1, study), self2]
Attack:[nott(hopr3(AE, AE, AE, do(avoid))), pr1(AE, AE, AE, do(avoid), 1), f(0, 3, urgent2(avoid)), hopr3(AE, AE, AE, do(avoid)), f(5, 1), self2, self1]
Defence:[nott(hopr2(AE, AE, PI, do(avoid))), pr1(AE, AE, PI, do(avoid), 1), f(0, 3, urgent2(avoid)), hopr2(AE, AE, PI, do(avoid)), f(5, 1), self2, self1]
Attack:[nott(pr6(AE, PI, AE, reduce(community_service), 1)), r(AE, PI, reduce(community_service), 1), ec(AE, PI, reduce(community_service), 1), f(0, 1), pr6(AE, PI, AE, reduce(community_service), 1), f(3, 2, community_service), self2]
Defence:[nott(hopr2(AE, AE, PI, do(avoid))), pr1(AE, AE, PI, do(avoid), 1), f(0, 3, urgent2(avoid)), hopr2(AE, AE, PI, do(avoid)), f(5, 1), self2, self1]
Attack:[nott(pr1(AE, AE, AE, do(avoid), 1)), r(AE, AE, do(avoid), 1), ec(AE, AE, do(avoid), 1), f(0, 1), pr1(AE, AE, AE, do(avoid), 1), f(5, 1), f(0, 3, urgent2(avoid)), self1]
Defence:[nott(pr5(AE, AE, PI, do(study), 1)), r(AE, AE, do(study), 1), ec(AE, AE, do(study), 1), f(0, 1), pr5(AE, AE, PI, do(study), 1), f(3, 1, study), self2]
Attack:[nott(hopr3(AE, AE, AE, do(avoid))), pr1(AE, AE, AE, do(avoid), 1), f(0, 3, urgent2(avoid)), hopr3(AE, AE, AE, do(avoid)), f(5, 1), self2, self1]
Defence:[nott(hopr2(AE, AE, PI, do(avoid))), pr1(AE, AE, PI, do(avoid), 1), f(0, 3, urgent2(avoid)), hopr2(AE, AE, PI, do(avoid)), f(5, 1), self2, self1]
Attack:[nott(pr1(AE, AE, AE, do(avoid), 1)), r(AE, AE, do(avoid), 1), ec(AE, AE, do(avoid), 1), f(0, 1), pr1(AE, AE, AE, do(avoid), 1), f(5, 1), f(0, 3, urgent2(avoid)), self1]
Attack:[nott(pr2(AE, PI, AE, reduce(survival), 1)), r(AE, PI, reduce(survival), 1), ec(AE, PI, reduce(survival), 1), f(0, 1), pr2(AE, PI, AE, reduce(survival), 1), f(4, 2), f(3, 2, survival), f(0, 2, urgent(survival)), self1]
Defence:[nott(hopr1(AE, AE, PI, do(avoid))), pr1(AE, AE, PI, do(avoid), 1), f(0, 3, urgent2(avoid)), hopr1(AE, AE, PI, do(avoid)), f(5, 1), self2, self1]
Attack:[nott(pr6(AE, PI, AE, reduce(survival), 1)), r(AE, PI, reduce(survival), 1), ec(AE, PI, reduce(survival), 1), f(0, 1), pr6(AE, PI, AE, reduce(survival), 1), f(3, 2, survival), self2]
Defence:[nott(hopr2(AE, AE, PI, do(avoid))), pr1(AE, AE, PI, do(avoid), 1), f(0, 3, urgent2(avoid)), hopr2(AE, AE, PI, do(avoid)), f(5, 1), self2, self1]
Attack:[nott(pr6(AE, PI, AE, reduce(graduate), 1)), r(AE, PI, reduce(graduate), 1), ec(AE, PI, reduce(graduate), 1), f(0, 1), pr6(AE, PI, AE, reduce(graduate), 1), f(3, 2, graduate), self2]
Defence:[nott(hopr2(AE, AE, PI, do(avoid))), pr1(AE, AE, PI, do(avoid), 1), f(0, 3, urgent2(avoid)), hopr2(AE, AE, PI, do(avoid)), f(5, 1), self2, self1]
Attack:[nott(pr6(AE, PI, AE, reduce(community_service), 1)), r(AE, PI, reduce(community_service), 1), ec(AE, PI, reduce(community_service), 1), f(0, 1), pr6(AE, PI, AE, reduce(community_service), 1), f(3, 2, community_service), self2]
Defence:[nott(hopr2(AE, AE, PI, do(avoid))), pr1(AE, AE, PI, do(avoid), 1), f(0, 3, urgent2(avoid)), hopr2(AE, AE, PI, do(avoid)), f(5, 1), self2, self1]
Attack:[nott(pr1(AE, AE, AE, do(avoid), 1)), r(AE, AE, do(avoid), 1), ec(AE, AE, do(avoid), 1), f(0, 1), pr1(AE, AE, AE, do(avoid), 1), f(5, 1), f(0, 3, urgent2(avoid)), self1]
Defence:[nott(hopr2(AE, AE, PI, do(avoid))), pr1(AE, AE, PI, do(avoid), 1), f(0, 3, urgent2(avoid)), hopr2(AE, AE, PI, do(avoid)), f(5, 1), self2, self1]
Attack:[nott(pr1(AE, AE, AE, do(avoid), 1)), r(AE, AE, do(avoid), 1), ec(AE, AE, do(avoid), 1), f(0, 1), pr1(AE, AE, AE, do(avoid), 1), f(5, 1), f(0, 3, urgent2(avoid)), self1]
Defence:[nott(hopr2(AE, AE, PI, do(avoid))), pr1(AE, AE, PI, do(avoid), 1), f(0, 3, urgent2(avoid)), hopr2(AE, AE, PI, do(avoid)), f(5, 1), self2, self1]
Attack:[nott(pr6(AE, PI, AE, reduce(community_service), 1)), r(AE, PI, reduce(community_service), 1), ec(AE, PI, reduce(community_service), 1), f(0, 1), pr6(AE, PI, AE, reduce(community_service), 1), f(3, 2, community_service), self2]
Defence:[nott(hopr2(AE, AE, PI, do(avoid))), pr1(AE, AE, PI, do(avoid), 1), f(0, 3, urgent2(avoid)), hopr2(AE, AE, PI, do(avoid)), f(5, 1), self2, self1]
Attack:[nott(pr1(AE, AE, AE, do(avoid), 1)), r(AE, AE, do(avoid), 1), ec(AE, AE, do(avoid), 1), f(0, 1), pr1(AE, AE, AE, do(avoid), 1), f(5, 1), f(0, 3, urgent2(avoid)), self1]
Defence:[nott(hopr2(AE, AE, PI, do(avoid))), pr1(AE, AE, PI, do(avoid), 1), f(0, 3, urgent2(avoid)), hopr2(AE, AE, PI, do(avoid)), f(5, 1), self2, self1]
Attack:[nott(pr1(AE, AE, AE, do(avoid), 1)), r(AE, AE, do(avoid), 1), ec(AE, AE, do(avoid), 1), f(0, 1), pr1(AE, AE, AE, do(avoid), 1), f(5, 1), f(0, 3, urgent2(avoid)), self1]
Defence:[nott(hopr2(AE, AE, PI, do(avoid))), pr1(AE, AE, PI, do(avoid), 1), f(0, 3, urgent2(avoid)), hopr2(AE, AE, PI, do(avoid)), f(5, 1), self2, self1]
Attack:[nott(pr6(AE, PI, AE, reduce(graduate), 1)), r(AE, PI, reduce(graduate), 1), ec(AE, PI, reduce(graduate), 1), f(0, 1), pr6(AE, PI, AE, reduce(graduate), 1), f(3, 2, graduate), self2]
Defence:[nott(hopr2(AE, AE, PI, do(avoid))), pr1(AE, AE, PI, do(avoid), 1), f(0, 3, urgent2(avoid)), hopr2(AE, AE, PI, do(avoid)), f(5, 1), self2, self1]
Attack:[nott(pr6(AE, PI, AE, reduce(community_service), 1)), r(AE, PI, reduce(community_service), 1), ec(AE, PI, reduce(community_service), 1), f(0, 1), pr6(AE, PI, AE, reduce(community_service), 1), f(3, 2, community_service), self2]
Defence:[nott(hopr2(AE, AE, PI, do(avoid))), pr1(AE, AE, PI, do(avoid), 1), f(0, 3, urgent2(avoid)), hopr2(AE, AE, PI, do(avoid)), f(5, 1), self2, self1]
Attack:[nott(pr1(AE, AE, AE, do(avoid), 1)), r(AE, AE, do(avoid), 1), ec(AE, AE, do(avoid), 1), f(0, 1), pr1(AE, AE, AE, do(avoid), 1), f(5, 1), f(0, 3, urgent2(avoid)), self1]
Defence:[nott(hopr2(AE, AE, PI, do(avoid))), pr1(AE, AE, PI, do(avoid), 1), f(0, 3, urgent2(avoid)), hopr2(AE, AE, PI, do(avoid)), f(5, 1), self2, self1]
Attack:[nott(pr1(AE, AE, AE, do(avoid), 1)), r(AE, AE, do(avoid), 1), ec(AE, AE, do(avoid), 1), f(0, 1), pr1(AE, AE, AE, do(avoid), 1), f(5, 1), f(0, 3, urgent2(avoid)), self1]
Defence:[nott(hopr2(AE, AE, PI, do(avoid))), pr1(AE, AE, PI, do(avoid), 1), f(0, 3, urgent2(avoid)), hopr2(AE, AE, PI, do(avoid)), f(5, 1), self2, self1]
Attack:[nott(pr6(AE, PI, AE, reduce(community_service), 1)), r(AE, PI, reduce(community_service), 1), ec(AE, PI, reduce(community_service), 1), f(0, 1), pr6(AE, PI, AE, reduce(community_service), 1), f(3, 2, community_service), self2]
Defence:[nott(hopr2(AE, AE, PI, do(avoid))), pr1(AE, AE, PI, do(avoid), 1), f(0, 3, urgent2(avoid)), hopr2(AE, AE, PI, do(avoid)), f(5, 1), self2, self1]
Attack:[nott(pr1(AE, AE, AE, do(avoid), 1)), r(AE, AE, do(avoid), 1), ec(AE, AE, do(avoid), 1), f(0, 1), pr1(AE, AE, AE, do(avoid), 1), f(5, 1), f(0, 3, urgent2(avoid)), self1]
Defence:[nott(hopr2(AE, AE, PI, do(avoid))), pr1(AE, AE, PI, do(avoid), 1), f(0, 3, urgent2(avoid)), hopr2(AE, AE, PI, do(avoid)), f(5, 1), self2, self1]
Attack:[nott(pr1(AE, AE, AE, do(avoid), 1)), r(AE, AE, do(avoid), 1), ec(AE, AE, do(avoid), 1), f(0, 1), pr1(AE, AE, AE, do(avoid), 1), f(5, 1), f(0, 3, urgent2(avoid)), self1]
Defence:[nott(hopr1(AE, AE, PI, do(avoid))), pr1(AE, AE, PI, do(avoid), 1), f(0, 3, urgent2(avoid)), hopr1(AE, AE, PI, do(avoid)), f(5, 1), self2, self1]
Attack:[nott(pr6(AE, PI, AE, reduce(survival), 1)), r(AE, PI, reduce(survival), 1), ec(AE, PI, reduce(survival), 1), f(0, 1), pr6(AE, PI, AE, reduce(survival), 1), f(3, 2, survival), self2]
Defence:[nott(hopr2(AE, AE, PI, do(avoid))), pr1(AE, AE, PI, do(avoid), 1), f(0, 3, urgent2(avoid)), hopr2(AE, AE, PI, do(avoid)), f(5, 1), self2, self1]
Attack:[nott(pr6(AE, PI, AE, reduce(graduate), 1)), r(AE, PI, reduce(graduate), 1), ec(AE, PI, reduce(graduate), 1), f(0, 1), pr6(AE, PI, AE, reduce(graduate), 1), f(3, 2, graduate), self2]
Defence:[nott(hopr2(AE, AE, PI, do(avoid))), pr1(AE, AE, PI, do(avoid), 1), f(0, 3, urgent2(avoid)), hopr2(AE, AE, PI, do(avoid)), f(5, 1), self2, self1]
Attack:[nott(pr6(AE, PI, AE, reduce(community_service), 1)), r(AE, PI, reduce(community_service), 1), ec(AE, PI, reduce(community_service), 1), f(0, 1), pr6(AE, PI, AE, reduce(community_service), 1), f(3, 2, community_service), self2]
Defence:[nott(hopr2(AE, AE, PI, do(avoid))), pr1(AE, AE, PI, do(avoid), 1), f(0, 3, urgent2(avoid)), hopr2(AE, AE, PI, do(avoid)), f(5, 1), self2, self1]
Attack:[nott(pr1(AE, AE, AE, do(avoid), 1)), r(AE, AE, do(avoid), 1), ec(AE, AE, do(avoid), 1), f(0, 1), pr1(AE, AE, AE, do(avoid), 1), f(5, 1), f(0, 3, urgent2(avoid)), self1]
Defence:[nott(hopr2(AE, AE, PI, do(avoid))), pr1(AE, AE, PI, do(avoid), 1), f(0, 3, urgent2(avoid)), hopr2(AE, AE, PI, do(avoid)), f(5, 1), self2, self1]
Attack:[nott(pr1(AE, AE, AE, do(avoid), 1)), r(AE, AE, do(avoid), 1), ec(AE, AE, do(avoid), 1), f(0, 1), pr1(AE, AE, AE, do(avoid), 1), f(5, 1), f(0, 3, urgent2(avoid)), self1]
Defence:[nott(hopr2(AE, AE, PI, do(avoid))), pr1(AE, AE, PI, do(avoid), 1), f(0, 3, urgent2(avoid)), hopr2(AE, AE, PI, do(avoid)), f(5, 1), self2, self1]
Attack:[nott(pr6(AE, PI, AE, reduce(community_service), 1)), r(AE, PI, reduce(community_service), 1), ec(AE, PI, reduce(community_service), 1), f(0, 1), pr6(AE, PI, AE, reduce(community_service), 1), f(3, 2, community_service), self2]
Defence:[nott(hopr2(AE, AE, PI, do(avoid))), pr1(AE, AE, PI, do(avoid), 1), f(0, 3, urgent2(avoid)), hopr2(AE, AE, PI, do(avoid)), f(5, 1), self2, self1]
Attack:[nott(pr1(AE, AE, AE, do(avoid), 1)), r(AE, AE, do(avoid), 1), ec(AE, AE, do(avoid), 1), f(0, 1), pr1(AE, AE, AE, do(avoid), 1), f(5, 1), f(0, 3, urgent2(avoid)), self1]
Defence:[nott(hopr2(AE, AE, PI, do(avoid))), pr1(AE, AE, PI, do(avoid), 1), f(0, 3, urgent2(avoid)), hopr2(AE, AE, PI, do(avoid)), f(5, 1), self2, self1]
Attack:[nott(pr1(AE, AE, AE, do(avoid), 1)), r(AE, AE, do(avoid), 1), ec(AE, AE, do(avoid), 1), f(0, 1), pr1(AE, AE, AE, do(avoid), 1), f(5, 1), f(0, 3, urgent2(avoid)), self1]
Defence:[nott(hopr2(AE, AE, PI, do(avoid))), pr1(AE, AE, PI, do(avoid), 1), f(0, 3, urgent2(avoid)), hopr2(AE, AE, PI, do(avoid)), f(5, 1), self2, self1]
Attack:[nott(pr6(AE, PI, AE, reduce(graduate), 1)), r(AE, PI, reduce(graduate), 1), ec(AE, PI, reduce(graduate), 1), f(0, 1), pr6(AE, PI, AE, reduce(graduate), 1), f(3, 2, graduate), self2]
Defence:[nott(hopr2(AE, AE, PI, do(avoid))), pr1(AE, AE, PI, do(avoid), 1), f(0, 3, urgent2(avoid)), hopr2(AE, AE, PI, do(avoid)), f(5, 1), self2, self1]
Attack:[nott(pr6(AE, PI, AE, reduce(community_service), 1)), r(AE, PI, reduce(community_service), 1), ec(AE, PI, reduce(community_service), 1), f(0, 1), pr6(AE, PI, AE, reduce(community_service), 1), f(3, 2, community_service), self2]
Defence:[nott(hopr2(AE, AE, PI, do(avoid))), pr1(AE, AE, PI, do(avoid), 1), f(0, 3, urgent2(avoid)), hopr2(AE, AE, PI, do(avoid)), f(5, 1), self2, self1]
Attack:[nott(pr1(AE, AE, AE, do(avoid), 1)), r(AE, AE, do(avoid), 1), ec(AE, AE, do(avoid), 1), f(0, 1), pr1(AE, AE, AE, do(avoid), 1), f(5, 1), f(0, 3, urgent2(avoid)), self1]
Defence:[nott(hopr2(AE, AE, PI, do(avoid))), pr1(AE, AE, PI, do(avoid), 1), f(0, 3, urgent2(avoid)), hopr2(AE, AE, PI, do(avoid)), f(5, 1), self2, self1]
Attack:[nott(pr1(AE, AE, AE, do(avoid), 1)), r(AE, AE, do(avoid), 1), ec(AE, AE, do(avoid), 1), f(0, 1), pr1(AE, AE, AE, do(avoid), 1), f(5, 1), f(0, 3, urgent2(avoid)), self1]
Defence:[nott(hopr2(AE, AE, PI, do(avoid))), pr1(AE, AE, PI, do(avoid), 1), f(0, 3, urgent2(avoid)), hopr2(AE, AE, PI, do(avoid)), f(5, 1), self2, self1]
Attack:[nott(pr6(AE, PI, AE, reduce(community_service), 1)), r(AE, PI, reduce(community_service), 1), ec(AE, PI, reduce(community_service), 1), f(0, 1), pr6(AE, PI, AE, reduce(community_service), 1), f(3, 2, community_service), self2]
Defence:[nott(hopr2(AE, AE, PI, do(avoid))), pr1(AE, AE, PI, do(avoid), 1), f(0, 3, urgent2(avoid)), hopr2(AE, AE, PI, do(avoid)), f(5, 1), self2, self1]
Attack:[nott(pr1(AE, AE, AE, do(avoid), 1)), r(AE, AE, do(avoid), 1), ec(AE, AE, do(avoid), 1), f(0, 1), pr1(AE, AE, AE, do(avoid), 1), f(5, 1), f(0, 3, urgent2(avoid)), self1]
Defence:[nott(hopr2(AE, AE, PI, do(avoid))), pr1(AE, AE, PI, do(avoid), 1), f(0, 3, urgent2(avoid)), hopr2(AE, AE, PI, do(avoid)), f(5, 1), self2, self1]
Attack:[nott(pr1(AE, AE, AE, do(avoid), 1)), r(AE, AE, do(avoid), 1), ec(AE, AE, do(avoid), 1), f(0, 1), pr1(AE, AE, AE, do(avoid), 1), f(5, 1), f(0, 3, urgent2(avoid)), self1]
Attack:[nott(pr2(AE, PI, AE, reduce(survival), 1)), r(AE, PI, reduce(survival), 1), ec(AE, PI, reduce(survival), 1), f(0, 1), pr2(AE, PI, AE, reduce(survival), 1), f(4, 2), f(3, 2, survival), f(0, 2, urgent(survival)), self1]
Defence:[nott(hopr1(AE, AE, PI, do(avoid))), pr1(AE, AE, PI, do(avoid), 1), f(0, 3, urgent2(avoid)), hopr1(AE, AE, PI, do(avoid)), f(5, 1), self2, self1]
Attack:[nott(pr6(AE, PI, AE, reduce(survival), 1)), r(AE, PI, reduce(survival), 1), ec(AE, PI, reduce(survival), 1), f(0, 1), pr6(AE, PI, AE, reduce(survival), 1), f(3, 2, survival), self2]
Defence:[nott(hopr2(AE, AE, PI, do(avoid))), pr1(AE, AE, PI, do(avoid), 1), f(0, 3, urgent2(avoid)), hopr2(AE, AE, PI, do(avoid)), f(5, 1), self2, self1]
Attack:[nott(pr6(AE, PI, AE, reduce(graduate), 1)), r(AE, PI, reduce(graduate), 1), ec(AE, PI, reduce(graduate), 1), f(0, 1), pr6(AE, PI, AE, reduce(graduate), 1), f(3, 2, graduate), self2]
Defence:[nott(hopr2(AE, AE, PI, do(avoid))), pr1(AE, AE, PI, do(avoid), 1), f(0, 3, urgent2(avoid)), hopr2(AE, AE, PI, do(avoid)), f(5, 1), self2, self1]
Attack:[nott(pr6(AE, PI, AE, reduce(community_service), 1)), r(AE, PI, reduce(community_service), 1), ec(AE, PI, reduce(community_service), 1), f(0, 1), pr6(AE, PI, AE, reduce(community_service), 1), f(3, 2, community_service), self2]
Defence:[nott(hopr2(AE, AE, PI, do(avoid))), pr1(AE, AE, PI, do(avoid), 1), f(0, 3, urgent2(avoid)), hopr2(AE, AE, PI, do(avoid)), f(5, 1), self2, self1]
==========
Solution:
==========

nott(hopr2(AE, AE, PI, do(avoid)))

hopr2(AE, AE, PI, do(avoid))

nott(hopr1(AE, AE, PI, do(avoid)))

pr1(AE, AE, PI, do(avoid), 1)

f(0, 3, urgent2(avoid))

hopr1(AE, AE, PI, do(avoid))

f(5, 1)

self2

self1

ec(AE, AE, do(avoid), 1)

f(0, 1)

r(AE, AE, do(avoid), 1)
1 ?- 